=== Iteration 0 ===
--- After Flush ---
L0 (1): [1]
L1 (0): []
L2 (0): []
L3 (0): []
L4 (0): []
--- Compaction Task ---
no compaction triggered
--- Statistics ---
Write Amplification: 1/1=1.000x
Maximum Space Usage: 1/1=1.000x
Read Amplification: 1x

=== Iteration 1 ===
--- After Flush ---
L0 (2): [1, 2]
L1 (0): []
L2 (0): []
L3 (0): []
L4 (0): []
--- Compaction Task ---
flush L0 SST to base level 4
Upper L0 [1.sst 1fa0d123..=9602ad67, 2.sst 829c80c..=4d068f0a] Lower L3 [] -> [3.sst 829c80c..=4f163ab9, 4.sst 4f163aba..=9602ad67]
--- After Compaction ---
L0 (0): []
L1 (0): []
L2 (0): []
L3 (0): []
L4 (2): [1, 2]
--- Compaction Task ---
1 compaction triggered in this iteration
--- Statistics ---
Write Amplification: 4/2=2.000x
Maximum Space Usage: 4/2=2.000x
Read Amplification: 1x

=== Iteration 2 ===
--- After Flush ---
L0 (1): [5]
L1 (0): []
L2 (0): []
L3 (0): []
L4 (2): [1, 2]
--- Compaction Task ---
no compaction triggered
--- Statistics ---
Write Amplification: 5/3=1.667x
Maximum Space Usage: 4/3=1.333x
Read Amplification: 2x

=== Iteration 3 ===
--- After Flush ---
L0 (2): [5, 6]
L1 (0): []
L2 (0): []
L3 (0): []
L4 (2): [1, 2]
--- Compaction Task ---
flush L0 SST to base level 4
Upper L0 [5.sst 5d01ddac..=d0ec5181, 6.sst 50836923..=657e5bc3] Lower L3 [3.sst 829c80c..=4f163ab9, 4.sst 4f163aba..=9602ad67] -> [7.sst 829c80c..=3a5a6a68, 8.sst 3a5a6a69..=6c8b0cc6, 9.sst 6c8b0cc7..=9ebbaf23, 10.sst 9ebbaf24..=d0ec5181]
--- After Compaction ---
L0 (0): []
L1 (0): []
L2 (0): []
L3 (0): []
L4 (4): [5, 6, 3, 4]
--- Compaction Task ---
1 compaction triggered in this iteration
--- Statistics ---
Write Amplification: 10/4=2.500x
Maximum Space Usage: 8/4=2.000x
Read Amplification: 1x

=== Iteration 4 ===
--- After Flush ---
L0 (1): [11]
L1 (0): []
L2 (0): []
L3 (0): []
L4 (4): [5, 6, 3, 4]
--- Compaction Task ---
no compaction triggered
--- Statistics ---
Write Amplification: 11/5=2.200x
Maximum Space Usage: 8/5=1.600x
Read Amplification: 2x

=== Iteration 5 ===
--- After Flush ---
L0 (2): [11, 12]
L1 (0): []
L2 (0): []
L3 (0): []
L4 (4): [5, 6, 3, 4]
--- Compaction Task ---
flush L0 SST to base level 4
Upper L0 [11.sst 3390c3d0..=a539fa93, 12.sst 61c936e3..=d2f855ee] Lower L3 [7.sst 829c80c..=3a5a6a68, 8.sst 3a5a6a69..=6c8b0cc6, 9.sst 6c8b0cc7..=9ebbaf23, 10.sst 9ebbaf24..=d0ec5181] -> [13.sst 829c80c..=29f6dfb0, 14.sst 29f6dfb1..=4bc3f756, 15.sst 4bc3f757..=6d910efc, 16.sst 6d910efd..=8f5e26a2, 17.sst 8f5e26a3..=b12b3e48, 18.sst b12b3e49..=d2f855ee]
--- After Compaction ---
L0 (0): []
L1 (0): []
L2 (0): []
L3 (0): []
L4 (6): [11, 12, 7, 8, 9, 10]
--- Compaction Task ---
1 compaction triggered in this iteration
--- Statistics ---
Write Amplification: 18/6=3.000x
Maximum Space Usage: 12/6=2.000x
Read Amplification: 1x

=== Iteration 6 ===
--- After Flush ---
L0 (1): [19]
L1 (0): []
L2 (0): []
L3 (0): []
L4 (6): [11, 12, 7, 8, 9, 10]
--- Compaction Task ---
no compaction triggered
--- Statistics ---
Write Amplification: 19/7=2.714x
Maximum Space Usage: 12/7=1.714x
Read Amplification: 2x

=== Iteration 7 ===
--- After Flush ---
L0 (2): [19, 20]
L1 (0): []
L2 (0): []
L3 (0): []
L4 (6): [11, 12, 7, 8, 9, 10]
--- Compaction Task ---
flush L0 SST to base level 3
Upper L0 [19.sst 4e383c74..=4fe6b05f, 20.sst 536dda70..=64136b82] Lower L2 [] -> [21.sst 4e383c74..=5925d3fa, 22.sst 5925d3fb..=64136b82]
--- After Compaction ---
L0 (0): []
L1 (0): []
L2 (0): []
L3 (2): [19, 20]
L4 (6): [11, 12, 7, 8, 9, 10]
--- Compaction Task ---
1 compaction triggered in this iteration
--- Statistics ---
Write Amplification: 22/8=2.750x
Maximum Space Usage: 12/8=1.500x
Read Amplification: 2x

=== Iteration 8 ===
--- After Flush ---
L0 (1): [23]
L1 (0): []
L2 (0): []
L3 (2): [19, 20]
L4 (6): [11, 12, 7, 8, 9, 10]
--- Compaction Task ---
no compaction triggered
--- Statistics ---
Write Amplification: 23/9=2.556x
Maximum Space Usage: 12/9=1.333x
Read Amplification: 3x

=== Iteration 9 ===
--- After Flush ---
L0 (2): [23, 24]
L1 (0): []
L2 (0): []
L3 (2): [19, 20]
L4 (6): [11, 12, 7, 8, 9, 10]
--- Compaction Task ---
flush L0 SST to base level 3
Upper L0 [23.sst 19265489..=32ab65fd, 24.sst 138e4bf1..=3ff83972] Lower L2 [21.sst 4e383c74..=5925d3fa, 22.sst 5925d3fb..=64136b82] -> [25.sst 138e4bf1..=27af93d4, 26.sst 27af93d5..=3bd0dbb9, 27.sst 3bd0dbba..=4ff2239d, 28.sst 4ff2239e..=64136b82]
--- After Compaction ---
L0 (0): []
L1 (0): []
L2 (0): []
L3 (4): [23, 24, 21, 22]
L4 (6): [11, 12, 7, 8, 9, 10]
--- Compaction Task ---
1 compaction triggered in this iteration
--- Statistics ---
Write Amplification: 28/10=2.800x
Maximum Space Usage: 14/10=1.400x
Read Amplification: 2x

=== Iteration 10 ===
--- After Flush ---
L0 (1): [29]
L1 (0): []
L2 (0): []
L3 (4): [23, 24, 21, 22]
L4 (6): [11, 12, 7, 8, 9, 10]
--- Compaction Task ---
no compaction triggered
--- Statistics ---
Write Amplification: 29/11=2.636x
Maximum Space Usage: 14/11=1.273x
Read Amplification: 3x

=== Iteration 11 ===
--- After Flush ---
L0 (2): [29, 30]
L1 (0): []
L2 (0): []
L3 (4): [23, 24, 21, 22]
L4 (6): [11, 12, 7, 8, 9, 10]
--- Compaction Task ---
flush L0 SST to base level 3
Upper L0 [29.sst 6471442e..=b85b961e, 30.sst 340143eb..=59b4c032] Lower L2 [25.sst 138e4bf1..=27af93d4, 26.sst 27af93d5..=3bd0dbb9, 27.sst 3bd0dbba..=4ff2239d, 28.sst 4ff2239e..=64136b82] -> [31.sst 138e4bf1..=2f05d84d, 32.sst 2f05d84e..=4a7d64aa, 33.sst 4a7d64ab..=65f4f107, 34.sst 65f4f108..=816c7d64, 35.sst 816c7d65..=9ce409c1, 36.sst 9ce409c2..=b85b961e]
--- After Compaction ---
L0 (0): []
L1 (0): []
L2 (0): []
L3 (6): [29, 30, 25, 26, 27, 28]
L4 (6): [11, 12, 7, 8, 9, 10]
--- Compaction Task ---
1 compaction triggered in this iteration
--- Statistics ---
Write Amplification: 36/12=3.000x
Maximum Space Usage: 18/12=1.500x
Read Amplification: 2x

=== Iteration 12 ===
--- After Flush ---
L0 (1): [37]
L1 (0): []
L2 (0): []
L3 (6): [29, 30, 25, 26, 27, 28]
L4 (6): [11, 12, 7, 8, 9, 10]
--- Compaction Task ---
no compaction triggered
--- Statistics ---
Write Amplification: 37/13=2.846x
Maximum Space Usage: 18/13=1.385x
Read Amplification: 3x

=== Iteration 13 ===
--- After Flush ---
L0 (2): [37, 38]
L1 (0): []
L2 (0): []
L3 (6): [29, 30, 25, 26, 27, 28]
L4 (6): [11, 12, 7, 8, 9, 10]
--- Compaction Task ---
flush L0 SST to base level 3
Upper L0 [37.sst 1f4a9d8a..=788d9702, 38.sst 392d5d43..=6a8550b6] Lower L2 [31.sst 138e4bf1..=2f05d84d, 32.sst 2f05d84e..=4a7d64aa, 33.sst 4a7d64ab..=65f4f107, 34.sst 65f4f108..=816c7d64, 35.sst 816c7d65..=9ce409c1, 36.sst 9ce409c2..=b85b961e] -> [39.sst 138e4bf1..=2827f535, 40.sst 2827f536..=3cc19e7b, 41.sst 3cc19e7c..=515b47c1, 42.sst 515b47c2..=65f4f107, 43.sst 65f4f108..=7a8e9a4c, 44.sst 7a8e9a4d..=8f284392, 45.sst 8f284393..=a3c1ecd8, 46.sst a3c1ecd9..=b85b961e]
--- After Compaction ---
L0 (0): []
L1 (0): []
L2 (0): []
L3 (8): [37, 38, 31, 32, 33, 34, 35, 36]
L4 (6): [11, 12, 7, 8, 9, 10]
--- Compaction Task ---
1 compaction triggered in this iteration
--- Statistics ---
Write Amplification: 46/14=3.286x
Maximum Space Usage: 22/14=1.571x
Read Amplification: 2x

=== Iteration 14 ===
--- After Flush ---
L0 (1): [47]
L1 (0): []
L2 (0): []
L3 (8): [37, 38, 31, 32, 33, 34, 35, 36]
L4 (6): [11, 12, 7, 8, 9, 10]
--- Compaction Task ---
no compaction triggered
--- Statistics ---
Write Amplification: 47/15=3.133x
Maximum Space Usage: 22/15=1.467x
Read Amplification: 3x

=== Iteration 15 ===
--- After Flush ---
L0 (2): [47, 48]
L1 (0): []
L2 (0): []
L3 (8): [37, 38, 31, 32, 33, 34, 35, 36]
L4 (6): [11, 12, 7, 8, 9, 10]
--- Compaction Task ---
flush L0 SST to base level 3
Upper L0 [47.sst 7ed26517..=d6a983dc, 48.sst 514911f7..=9d65ef0b] Lower L2 [39.sst 138e4bf1..=2827f535, 40.sst 2827f536..=3cc19e7b, 41.sst 3cc19e7c..=515b47c1, 42.sst 515b47c2..=65f4f107, 43.sst 65f4f108..=7a8e9a4c, 44.sst 7a8e9a4d..=8f284392, 45.sst 8f284393..=a3c1ecd8, 46.sst a3c1ecd9..=b85b961e] -> [49.sst 138e4bf1..=271104ba, 50.sst 271104bb..=3a93bd85, 51.sst 3a93bd86..=4e167650, 52.sst 4e167651..=61992f1b, 53.sst 61992f1c..=751be7e6, 54.sst 751be7e7..=889ea0b0, 55.sst 889ea0b1..=9c21597b, 56.sst 9c21597c..=afa41246, 57.sst afa41247..=c326cb11, 58.sst c326cb12..=d6a983dc]
--- After Compaction ---
L0 (0): []
L1 (0): []
L2 (0): []
L3 (10): [47, 48, 39, 40, 41, 42, 43, 44, 45, 46]
L4 (6): [11, 12, 7, 8, 9, 10]
--- Compaction Task ---
1 compaction triggered in this iteration
--- Statistics ---
Write Amplification: 58/16=3.625x
Maximum Space Usage: 26/16=1.625x
Read Amplification: 2x

=== Iteration 16 ===
--- After Flush ---
L0 (1): [59]
L1 (0): []
L2 (0): []
L3 (10): [47, 48, 39, 40, 41, 42, 43, 44, 45, 46]
L4 (6): [11, 12, 7, 8, 9, 10]
--- Compaction Task ---
no compaction triggered
--- Statistics ---
Write Amplification: 59/17=3.471x
Maximum Space Usage: 26/17=1.529x
Read Amplification: 3x

=== Iteration 17 ===
--- After Flush ---
L0 (2): [59, 60]
L1 (0): []
L2 (0): []
L3 (10): [47, 48, 39, 40, 41, 42, 43, 44, 45, 46]
L4 (6): [11, 12, 7, 8, 9, 10]
--- Compaction Task ---
flush L0 SST to base level 3
Upper L0 [59.sst 3f357f90..=89526238, 60.sst 6583e380..=d59798f5] Lower L2 [49.sst 138e4bf1..=271104ba, 50.sst 271104bb..=3a93bd85, 51.sst 3a93bd86..=4e167650, 52.sst 4e167651..=61992f1b, 53.sst 61992f1c..=751be7e6, 54.sst 751be7e7..=889ea0b0, 55.sst 889ea0b1..=9c21597b, 56.sst 9c21597c..=afa41246, 57.sst afa41247..=c326cb11, 58.sst c326cb12..=d6a983dc] -> [61.sst 138e4bf1..=23d09099, 62.sst 23d0909a..=3412d542, 63.sst 3412d543..=445519eb, 64.sst 445519ec..=54975e94, 65.sst 54975e95..=64d9a33d, 66.sst 64d9a33e..=751be7e6, 67.sst 751be7e7..=855e2c8f, 68.sst 855e2c90..=95a07138, 69.sst 95a07139..=a5e2b5e1, 70.sst a5e2b5e2..=b624fa8a, 71.sst b624fa8b..=c6673f33, 72.sst c6673f34..=d6a983dc]
--- After Compaction ---
L0 (0): []
L1 (0): []
L2 (0): []
L3 (12): [59, 60, 49, 50, 51, 52, 53, 54, 55, 56, 57, 58]
L4 (6): [11, 12, 7, 8, 9, 10]
--- Compaction Task ---
1 compaction triggered in this iteration
--- Statistics ---
Write Amplification: 72/18=4.000x
Maximum Space Usage: 30/18=1.667x
Read Amplification: 2x

=== Iteration 18 ===
--- After Flush ---
L0 (1): [73]
L1 (0): []
L2 (0): []
L3 (12): [59, 60, 49, 50, 51, 52, 53, 54, 55, 56, 57, 58]
L4 (6): [11, 12, 7, 8, 9, 10]
--- Compaction Task ---
no compaction triggered
--- Statistics ---
Write Amplification: 73/19=3.842x
Maximum Space Usage: 30/19=1.579x
Read Amplification: 3x

=== Iteration 19 ===
--- After Flush ---
L0 (2): [73, 74]
L1 (0): []
L2 (0): []
L3 (12): [59, 60, 49, 50, 51, 52, 53, 54, 55, 56, 57, 58]
L4 (6): [11, 12, 7, 8, 9, 10]
--- Compaction Task ---
flush L0 SST to base level 3
Upper L0 [73.sst 70e73677..=a585adda, 74.sst 62311a40..=8a161b78] Lower L2 [61.sst 138e4bf1..=23d09099, 62.sst 23d0909a..=3412d542, 63.sst 3412d543..=445519eb, 64.sst 445519ec..=54975e94, 65.sst 54975e95..=64d9a33d, 66.sst 64d9a33e..=751be7e6, 67.sst 751be7e7..=855e2c8f, 68.sst 855e2c90..=95a07138, 69.sst 95a07139..=a5e2b5e1, 70.sst a5e2b5e2..=b624fa8a, 71.sst b624fa8b..=c6673f33, 72.sst c6673f34..=d6a983dc] -> [75.sst 138e4bf1..=217df480, 76.sst 217df481..=2f6d9d11, 77.sst 2f6d9d12..=3d5d45a2, 78.sst 3d5d45a3..=4b4cee33, 79.sst 4b4cee34..=593c96c4, 80.sst 593c96c5..=672c3f55, 81.sst 672c3f56..=751be7e6, 82.sst 751be7e7..=830b9076, 83.sst 830b9077..=90fb3907, 84.sst 90fb3908..=9eeae198, 85.sst 9eeae199..=acda8a29, 86.sst acda8a2a..=baca32ba, 87.sst baca32bb..=c8b9db4b, 88.sst c8b9db4c..=d6a983dc]
--- After Compaction ---
L0 (0): []
L1 (0): []
L2 (0): []
L3 (14): [73, 74, 61, 62, 63, 64, 65, 66, 67, 68, 69, 70, 71, 72]
L4 (6): [11, 12, 7, 8, 9, 10]
--- Compaction Task ---
1 compaction triggered in this iteration
--- Statistics ---
Write Amplification: 88/20=4.400x
Maximum Space Usage: 34/20=1.700x
Read Amplification: 2x

=== Iteration 20 ===
--- After Flush ---
L0 (1): [89]
L1 (0): []
L2 (0): []
L3 (14): [73, 74, 61, 62, 63, 64, 65, 66, 67, 68, 69, 70, 71, 72]
L4 (6): [11, 12, 7, 8, 9, 10]
--- Compaction Task ---
no compaction triggered
--- Statistics ---
Write Amplification: 89/21=4.238x
Maximum Space Usage: 34/21=1.619x
Read Amplification: 3x

=== Iteration 21 ===
--- After Flush ---
L0 (2): [89, 90]
L1 (0): []
L2 (0): []
L3 (14): [73, 74, 61, 62, 63, 64, 65, 66, 67, 68, 69, 70, 71, 72]
L4 (6): [11, 12, 7, 8, 9, 10]
--- Compaction Task ---
flush L0 SST to base level 3
Upper L0 [89.sst 14376a2c..=880bdb87, 90.sst 32aa1828..=8b98f0d3] Lower L2 [75.sst 138e4bf1..=217df480, 76.sst 217df481..=2f6d9d11, 77.sst 2f6d9d12..=3d5d45a2, 78.sst 3d5d45a3..=4b4cee33, 79.sst 4b4cee34..=593c96c4, 80.sst 593c96c5..=672c3f55, 81.sst 672c3f56..=751be7e6, 82.sst 751be7e7..=830b9076, 83.sst 830b9077..=90fb3907, 84.sst 90fb3908..=9eeae198, 85.sst 9eeae199..=acda8a29, 86.sst acda8a2a..=baca32ba, 87.sst baca32bb..=c8b9db4b, 88.sst c8b9db4c..=d6a983dc] -> [91.sst 138e4bf1..=1fbfff6e, 92.sst 1fbfff6f..=2bf1b2ed, 93.sst 2bf1b2ee..=3823666c, 94.sst 3823666d..=445519eb, 95.sst 445519ec..=5086cd69, 96.sst 5086cd6a..=5cb880e8, 97.sst 5cb880e9..=68ea3467, 98.sst 68ea3468..=751be7e6, 99.sst 751be7e7..=814d9b64, 100.sst 814d9b65..=8d7f4ee3, 101.sst 8d7f4ee4..=99b10262, 102.sst 99b10263..=a5e2b5e1, 103.sst a5e2b5e2..=b214695f, 104.sst b2146960..=be461cde, 105.sst be461cdf..=ca77d05d, 106.sst ca77d05e..=d6a983dc]
--- After Compaction ---
L0 (0): []
L1 (0): []
L2 (0): []
L3 (16): [89, 90, 75, 76, 77, 78, 79, 80, 81, 82, 83, 84, 85, 86, 87, 88]
L4 (6): [11, 12, 7, 8, 9, 10]
--- Compaction Task ---
1 compaction triggered in this iteration
--- Statistics ---
Write Amplification: 106/22=4.818x
Maximum Space Usage: 38/22=1.727x
Read Amplification: 2x

=== Iteration 22 ===
--- After Flush ---
L0 (1): [107]
L1 (0): []
L2 (0): []
L3 (16): [89, 90, 75, 76, 77, 78, 79, 80, 81, 82, 83, 84, 85, 86, 87, 88]
L4 (6): [11, 12, 7, 8, 9, 10]
--- Compaction Task ---
no compaction triggered
--- Statistics ---
Write Amplification: 107/23=4.652x
Maximum Space Usage: 38/23=1.652x
Read Amplification: 3x

=== Iteration 23 ===
--- After Flush ---
L0 (2): [107, 108]
L1 (0): []
L2 (0): []
L3 (16): [89, 90, 75, 76, 77, 78, 79, 80, 81, 82, 83, 84, 85, 86, 87, 88]
L4 (6): [11, 12, 7, 8, 9, 10]
--- Compaction Task ---
flush L0 SST to base level 3
Upper L0 [107.sst 7c0396b3..=951acd68, 108.sst 30cfbfa8..=a455a07e] Lower L2 [91.sst 138e4bf1..=1fbfff6e, 92.sst 1fbfff6f..=2bf1b2ed, 93.sst 2bf1b2ee..=3823666c, 94.sst 3823666d..=445519eb, 95.sst 445519ec..=5086cd69, 96.sst 5086cd6a..=5cb880e8, 97.sst 5cb880e9..=68ea3467, 98.sst 68ea3468..=751be7e6, 99.sst 751be7e7..=814d9b64, 100.sst 814d9b65..=8d7f4ee3, 101.sst 8d7f4ee4..=99b10262, 102.sst 99b10263..=a5e2b5e1, 103.sst a5e2b5e2..=b214695f, 104.sst b2146960..=be461cde, 105.sst be461cdf..=ca77d05d, 106.sst ca77d05e..=d6a983dc] -> [109.sst 138e4bf1..=1e652460, 110.sst 1e652461..=293bfcd1, 111.sst 293bfcd2..=3412d542, 112.sst 3412d543..=3ee9adb2, 113.sst 3ee9adb3..=49c08623, 114.sst 49c08624..=54975e94, 115.sst 54975e95..=5f6e3704, 116.sst 5f6e3705..=6a450f75, 117.sst 6a450f76..=751be7e6, 118.sst 751be7e7..=7ff2c056, 119.sst 7ff2c057..=8ac998c7, 120.sst 8ac998c8..=95a07138, 121.sst 95a07139..=a07749a8, 122.sst a07749a9..=ab4e2219, 123.sst ab4e221a..=b624fa8a, 124.sst b624fa8b..=c0fbd2fa, 125.sst c0fbd2fb..=cbd2ab6b, 126.sst cbd2ab6c..=d6a983dc]
--- After Compaction ---
L0 (0): []
L1 (0): []
L2 (0): []
L3 (18): [107, 108, 91, 92, 93, 94, 95, 96, 97, 98, 99, 100, 101, 102, 103, 104, 105, 106]
L4 (6): [11, 12, 7, 8, 9, 10]
--- Compaction Task ---
1 compaction triggered in this iteration
--- Statistics ---
Write Amplification: 126/24=5.250x
Maximum Space Usage: 42/24=1.750x
Read Amplification: 2x

=== Iteration 24 ===
--- After Flush ---
L0 (1): [127]
L1 (0): []
L2 (0): []
L3 (18): [107, 108, 91, 92, 93, 94, 95, 96, 97, 98, 99, 100, 101, 102, 103, 104, 105, 106]
L4 (6): [11, 12, 7, 8, 9, 10]
--- Compaction Task ---
no compaction triggered
--- Statistics ---
Write Amplification: 127/25=5.080x
Maximum Space Usage: 42/25=1.680x
Read Amplification: 3x

=== Iteration 25 ===
--- After Flush ---
L0 (2): [127, 128]
L1 (0): []
L2 (0): []
L3 (18): [107, 108, 91, 92, 93, 94, 95, 96, 97, 98, 99, 100, 101, 102, 103, 104, 105, 106]
L4 (6): [11, 12, 7, 8, 9, 10]
--- Compaction Task ---
flush L0 SST to base level 3
Upper L0 [127.sst 104f44b9..=6e03f29c, 128.sst 1de14eea..=6a32169c] Lower L2 [109.sst 138e4bf1..=1e652460, 110.sst 1e652461..=293bfcd1, 111.sst 293bfcd2..=3412d542, 112.sst 3412d543..=3ee9adb2, 113.sst 3ee9adb3..=49c08623, 114.sst 49c08624..=54975e94, 115.sst 54975e95..=5f6e3704, 116.sst 5f6e3705..=6a450f75, 117.sst 6a450f76..=751be7e6, 118.sst 751be7e7..=7ff2c056, 119.sst 7ff2c057..=8ac998c7, 120.sst 8ac998c8..=95a07138, 121.sst 95a07139..=a07749a8, 122.sst a07749a9..=ab4e2219, 123.sst ab4e221a..=b624fa8a, 124.sst b624fa8b..=c0fbd2fa, 125.sst c0fbd2fb..=cbd2ab6b, 126.sst cbd2ab6c..=d6a983dc] -> [129.sst 104f44b9..=1a3a2e46, 130.sst 1a3a2e47..=242517d5, 131.sst 242517d6..=2e100163, 132.sst 2e100164..=37faeaf2, 133.sst 37faeaf3..=41e5d481, 134.sst 41e5d482..=4bd0be0f, 135.sst 4bd0be10..=55bba79e, 136.sst 55bba79f..=5fa6912c, 137.sst 5fa6912d..=69917abb, 138.sst 69917abc..=737c644a, 139.sst 737c644b..=7d674dd8, 140.sst 7d674dd9..=87523767, 141.sst 87523768..=913d20f5, 142.sst 913d20f6..=9b280a84, 143.sst 9b280a85..=a512f413, 144.sst a512f414..=aefddda1, 145.sst aefddda2..=b8e8c730, 146.sst b8e8c731..=c2d3b0be, 147.sst c2d3b0bf..=ccbe9a4d, 148.sst ccbe9a4e..=d6a983dc]
--- After Compaction ---
L0 (0): []
L1 (0): []
L2 (0): []
L3 (20): [127, 128, 109, 110, 111, 112, 113, 114, 115, 116, 117, 118, 119, 120, 121, 122, 123, 124, 125, 126]
L4 (6): [11, 12, 7, 8, 9, 10]
--- Compaction Task ---
1 compaction triggered in this iteration
--- Statistics ---
Write Amplification: 148/26=5.692x
Maximum Space Usage: 46/26=1.769x
Read Amplification: 2x

=== Iteration 26 ===
--- After Flush ---
L0 (1): [149]
L1 (0): []
L2 (0): []
L3 (20): [127, 128, 109, 110, 111, 112, 113, 114, 115, 116, 117, 118, 119, 120, 121, 122, 123, 124, 125, 126]
L4 (6): [11, 12, 7, 8, 9, 10]
--- Compaction Task ---
no compaction triggered
--- Statistics ---
Write Amplification: 149/27=5.519x
Maximum Space Usage: 46/27=1.704x
Read Amplification: 3x

=== Iteration 27 ===
--- After Flush ---
L0 (2): [149, 150]
L1 (0): []
L2 (0): []
L3 (20): [127, 128, 109, 110, 111, 112, 113, 114, 115, 116, 117, 118, 119, 120, 121, 122, 123, 124, 125, 126]
L4 (6): [11, 12, 7, 8, 9, 10]
--- Compaction Task ---
flush L0 SST to base level 3
Upper L0 [149.sst 23fb8483..=3f224c95, 150.sst 606926fd..=a4910d5f] Lower L2 [129.sst 104f44b9..=1a3a2e46, 130.sst 1a3a2e47..=242517d5, 131.sst 242517d6..=2e100163, 132.sst 2e100164..=37faeaf2, 133.sst 37faeaf3..=41e5d481, 134.sst 41e5d482..=4bd0be0f, 135.sst 4bd0be10..=55bba79e, 136.sst 55bba79f..=5fa6912c, 137.sst 5fa6912d..=69917abb, 138.sst 69917abc..=737c644a, 139.sst 737c644b..=7d674dd8, 140.sst 7d674dd9..=87523767, 141.sst 87523768..=913d20f5, 142.sst 913d20f6..=9b280a84, 143.sst 9b280a85..=a512f413, 144.sst a512f414..=aefddda1, 145.sst aefddda2..=b8e8c730, 146.sst b8e8c731..=c2d3b0be, 147.sst c2d3b0bf..=ccbe9a4d, 148.sst ccbe9a4e..=d6a983dc] -> [151.sst 104f44b9..=19535edc, 152.sst 19535edd..=22577901, 153.sst 22577902..=2b5b9325, 154.sst 2b5b9326..=345fad4a, 155.sst 345fad4b..=3d63c76e, 156.sst 3d63c76f..=4667e193, 157.sst 4667e194..=4f6bfbb7, 158.sst 4f6bfbb8..=587015dc, 159.sst 587015dd..=61743000, 160.sst 61743001..=6a784a25, 161.sst 6a784a26..=737c644a, 162.sst 737c644b..=7c807e6e, 163.sst 7c807e6f..=85849893, 164.sst 85849894..=8e88b2b7, 165.sst 8e88b2b8..=978cccdc, 166.sst 978cccdd..=a090e700, 167.sst a090e701..=a9950125, 168.sst a9950126..=b2991b49, 169.sst b2991b4a..=bb9d356e, 170.sst bb9d356f..=c4a14f92, 171.sst c4a14f93..=cda569b7, 172.sst cda569b8..=d6a983dc]
--- After Compaction ---
L0 (0): []
L1 (0): []
L2 (0): []
L3 (22): [149, 150, 129, 130, 131, 132, 133, 134, 135, 136, 137, 138, 139, 140, 141, 142, 143, 144, 145, 146, 147, 148]
L4 (6): [11, 12, 7, 8, 9, 10]
--- Compaction Task ---
1 compaction triggered in this iteration
--- Statistics ---
Write Amplification: 172/28=6.143x
Maximum Space Usage: 50/28=1.786x
Read Amplification: 2x

=== Iteration 28 ===
--- After Flush ---
L0 (1): [173]
L1 (0): []
L2 (0): []
L3 (22): [149, 150, 129, 130, 131, 132, 133, 134, 135, 136, 137, 138, 139, 140, 141, 142, 143, 144, 145, 146, 147, 148]
L4 (6): [11, 12, 7, 8, 9, 10]
--- Compaction Task ---
no compaction triggered
--- Statistics ---
Write Amplification: 173/29=5.966x
Maximum Space Usage: 50/29=1.724x
Read Amplification: 3x

=== Iteration 29 ===
--- After Flush ---
L0 (2): [173, 174]
L1 (0): []
L2 (0): []
L3 (22): [149, 150, 129, 130, 131, 132, 133, 134, 135, 136, 137, 138, 139, 140, 141, 142, 143, 144, 145, 146, 147, 148]
L4 (6): [11, 12, 7, 8, 9, 10]
--- Compaction Task ---
flush L0 SST to base level 3
Upper L0 [173.sst e1dd11a..=8979056f, 174.sst f79ee0..=3c42590b] Lower L2 [151.sst 104f44b9..=19535edc, 152.sst 19535edd..=22577901, 153.sst 22577902..=2b5b9325, 154.sst 2b5b9326..=345fad4a, 155.sst 345fad4b..=3d63c76e, 156.sst 3d63c76f..=4667e193, 157.sst 4667e194..=4f6bfbb7, 158.sst 4f6bfbb8..=587015dc, 159.sst 587015dd..=61743000, 160.sst 61743001..=6a784a25, 161.sst 6a784a26..=737c644a, 162.sst 737c644b..=7c807e6e, 163.sst 7c807e6f..=85849893, 164.sst 85849894..=8e88b2b7, 165.sst 8e88b2b8..=978cccdc, 166.sst 978cccdd..=a090e700, 167.sst a090e701..=a9950125, 168.sst a9950126..=b2991b49, 169.sst b2991b4a..=bb9d356e, 170.sst bb9d356f..=c4a14f92, 171.sst c4a14f93..=cda569b7, 172.sst cda569b8..=d6a983dc] -> [175.sst f79ee0..=9df0869, 176.sst 9df086a..=12c671f4, 177.sst 12c671f5..=1baddb7e, 178.sst 1baddb7f..=24954509, 179.sst 2495450a..=2d7cae93, 180.sst 2d7cae94..=3664181e, 181.sst 3664181f..=3f4b81a8, 182.sst 3f4b81a9..=4832eb33, 183.sst 4832eb34..=511a54bd, 184.sst 511a54be..=5a01be48, 185.sst 5a01be49..=62e927d2, 186.sst 62e927d3..=6bd0915d, 187.sst 6bd0915e..=74b7fae8, 188.sst 74b7fae9..=7d9f6472, 189.sst 7d9f6473..=8686cdfd, 190.sst 8686cdfe..=8f6e3787, 191.sst 8f6e3788..=9855a112, 192.sst 9855a113..=a13d0a9c, 193.sst a13d0a9d..=aa247427, 194.sst aa247428..=b30bddb1, 195.sst b30bddb2..=bbf3473c, 196.sst bbf3473d..=c4dab0c6, 197.sst c4dab0c7..=cdc21a51, 198.sst cdc21a52..=d6a983dc]
--- After Compaction ---
L0 (0): []
L1 (0): []
L2 (0): []
L3 (24): [173, 174, 151, 152, 153, 154, 155, 156, 157, 158, 159, 160, 161, 162, 163, 164, 165, 166, 167, 168, 169, 170, 171, 172]
L4 (6): [11, 12, 7, 8, 9, 10]
--- Compaction Task ---
1 compaction triggered in this iteration
--- Statistics ---
Write Amplification: 198/30=6.600x
Maximum Space Usage: 54/30=1.800x
Read Amplification: 2x

=== Iteration 30 ===
--- After Flush ---
L0 (1): [199]
L1 (0): []
L2 (0): []
L3 (24): [173, 174, 151, 152, 153, 154, 155, 156, 157, 158, 159, 160, 161, 162, 163, 164, 165, 166, 167, 168, 169, 170, 171, 172]
L4 (6): [11, 12, 7, 8, 9, 10]
--- Compaction Task ---
no compaction triggered
--- Statistics ---
Write Amplification: 199/31=6.419x
Maximum Space Usage: 54/31=1.742x
Read Amplification: 3x

=== Iteration 31 ===
--- After Flush ---
L0 (2): [199, 200]
L1 (0): []
L2 (0): []
L3 (24): [173, 174, 151, 152, 153, 154, 155, 156, 157, 158, 159, 160, 161, 162, 163, 164, 165, 166, 167, 168, 169, 170, 171, 172]
L4 (6): [11, 12, 7, 8, 9, 10]
--- Compaction Task ---
flush L0 SST to base level 3
Upper L0 [199.sst 2224b770..=73e3aae3, 200.sst 72736773..=b2a6855f] Lower L2 [175.sst f79ee0..=9df0869, 176.sst 9df086a..=12c671f4, 177.sst 12c671f5..=1baddb7e, 178.sst 1baddb7f..=24954509, 179.sst 2495450a..=2d7cae93, 180.sst 2d7cae94..=3664181e, 181.sst 3664181f..=3f4b81a8, 182.sst 3f4b81a9..=4832eb33, 183.sst 4832eb34..=511a54bd, 184.sst 511a54be..=5a01be48, 185.sst 5a01be49..=62e927d2, 186.sst 62e927d3..=6bd0915d, 187.sst 6bd0915e..=74b7fae8, 188.sst 74b7fae9..=7d9f6472, 189.sst 7d9f6473..=8686cdfd, 190.sst 8686cdfe..=8f6e3787, 191.sst 8f6e3788..=9855a112, 192.sst 9855a113..=a13d0a9c, 193.sst a13d0a9d..=aa247427, 194.sst aa247428..=b30bddb1, 195.sst b30bddb2..=bbf3473c, 196.sst bbf3473d..=c4dab0c6, 197.sst c4dab0c7..=cdc21a51, 198.sst cdc21a52..=d6a983dc] -> [201.sst f79ee0..=92fb186, 202.sst 92fb187..=1167c42d, 203.sst 1167c42e..=199fd6d4, 204.sst 199fd6d5..=21d7e97c, 205.sst 21d7e97d..=2a0ffc23, 206.sst 2a0ffc24..=32480eca, 207.sst 32480ecb..=3a802171, 208.sst 3a802172..=42b83419, 209.sst 42b8341a..=4af046c0, 210.sst 4af046c1..=53285967, 211.sst 53285968..=5b606c0e, 212.sst 5b606c0f..=63987eb6, 213.sst 63987eb7..=6bd0915d, 214.sst 6bd0915e..=7408a404, 215.sst 7408a405..=7c40b6ac, 216.sst 7c40b6ad..=8478c953, 217.sst 8478c954..=8cb0dbfa, 218.sst 8cb0dbfb..=94e8eea1, 219.sst 94e8eea2..=9d210149, 220.sst 9d21014a..=a55913f0, 221.sst a55913f1..=ad912697, 222.sst ad912698..=b5c9393e, 223.sst b5c9393f..=be014be6, 224.sst be014be7..=c6395e8d, 225.sst c6395e8e..=ce717134, 226.sst ce717135..=d6a983dc]
--- After Compaction ---
L0 (0): []
L1 (0): []
L2 (0): []
L3 (26): [199, 200, 175, 176, 177, 178, 179, 180, 181, 182, 183, 184, 185, 186, 187, 188, 189, 190, 191, 192, 193, 194, 195, 196, 197, 198]
L4 (6): [11, 12, 7, 8, 9, 10]
--- Compaction Task ---
1 compaction triggered in this iteration
--- Statistics ---
Write Amplification: 226/32=7.062x
Maximum Space Usage: 58/32=1.812x
Read Amplification: 2x

=== Iteration 32 ===
--- After Flush ---
L0 (1): [227]
L1 (0): []
L2 (0): []
L3 (26): [199, 200, 175, 176, 177, 178, 179, 180, 181, 182, 183, 184, 185, 186, 187, 188, 189, 190, 191, 192, 193, 194, 195, 196, 197, 198]
L4 (6): [11, 12, 7, 8, 9, 10]
--- Compaction Task ---
no compaction triggered
--- Statistics ---
Write Amplification: 227/33=6.879x
Maximum Space Usage: 58/33=1.758x
Read Amplification: 3x

=== Iteration 33 ===
--- After Flush ---
L0 (2): [227, 228]
L1 (0): []
L2 (0): []
L3 (26): [199, 200, 175, 176, 177, 178, 179, 180, 181, 182, 183, 184, 185, 186, 187, 188, 189, 190, 191, 192, 193, 194, 195, 196, 197, 198]
L4 (6): [11, 12, 7, 8, 9, 10]
--- Compaction Task ---
flush L0 SST to base level 3
Upper L0 [227.sst 5161f818..=7730aae6, 228.sst 37666019..=6ef4daa4] Lower L2 [201.sst f79ee0..=92fb186, 202.sst 92fb187..=1167c42d, 203.sst 1167c42e..=199fd6d4, 204.sst 199fd6d5..=21d7e97c, 205.sst 21d7e97d..=2a0ffc23, 206.sst 2a0ffc24..=32480eca, 207.sst 32480ecb..=3a802171, 208.sst 3a802172..=42b83419, 209.sst 42b8341a..=4af046c0, 210.sst 4af046c1..=53285967, 211.sst 53285968..=5b606c0e, 212.sst 5b606c0f..=63987eb6, 213.sst 63987eb7..=6bd0915d, 214.sst 6bd0915e..=7408a404, 215.sst 7408a405..=7c40b6ac, 216.sst 7c40b6ad..=8478c953, 217.sst 8478c954..=8cb0dbfa, 218.sst 8cb0dbfb..=94e8eea1, 219.sst 94e8eea2..=9d210149, 220.sst 9d21014a..=a55913f0, 221.sst a55913f1..=ad912697, 222.sst ad912698..=b5c9393e, 223.sst b5c9393f..=be014be6, 224.sst be014be7..=c6395e8d, 225.sst c6395e8e..=ce717134, 226.sst ce717135..=d6a983dc] -> [229.sst f79ee0..=899670c, 230.sst 899670d..=103b2f3a, 231.sst 103b2f3b..=17dcf767, 232.sst 17dcf768..=1f7ebf95, 233.sst 1f7ebf96..=272087c3, 234.sst 272087c4..=2ec24ff0, 235.sst 2ec24ff1..=3664181e, 236.sst 3664181f..=3e05e04b, 237.sst 3e05e04c..=45a7a879, 238.sst 45a7a87a..=4d4970a7, 239.sst 4d4970a8..=54eb38d4, 240.sst 54eb38d5..=5c8d0102, 241.sst 5c8d0103..=642ec92f, 242.sst 642ec930..=6bd0915d, 243.sst 6bd0915e..=7372598b, 244.sst 7372598c..=7b1421b8, 245.sst 7b1421b9..=82b5e9e6, 246.sst 82b5e9e7..=8a57b213, 247.sst 8a57b214..=91f97a41, 248.sst 91f97a42..=999b426f, 249.sst 999b4270..=a13d0a9c, 250.sst a13d0a9d..=a8ded2ca, 251.sst a8ded2cb..=b0809af7, 252.sst b0809af8..=b8226325, 253.sst b8226326..=bfc42b53, 254.sst bfc42b54..=c765f380, 255.sst c765f381..=cf07bbae, 256.sst cf07bbaf..=d6a983dc]
--- After Compaction ---
L0 (0): []
L1 (0): []
L2 (0): []
L3 (28): [227, 228, 201, 202, 203, 204, 205, 206, 207, 208, 209, 210, 211, 212, 213, 214, 215, 216, 217, 218, 219, 220, 221, 222, 223, 224, 225, 226]
L4 (6): [11, 12, 7, 8, 9, 10]
--- Compaction Task ---
1 compaction triggered in this iteration
--- Statistics ---
Write Amplification: 256/34=7.529x
Maximum Space Usage: 62/34=1.824x
Read Amplification: 2x

=== Iteration 34 ===
--- After Flush ---
L0 (1): [257]
L1 (0): []
L2 (0): []
L3 (28): [227, 228, 201, 202, 203, 204, 205, 206, 207, 208, 209, 210, 211, 212, 213, 214, 215, 216, 217, 218, 219, 220, 221, 222, 223, 224, 225, 226]
L4 (6): [11, 12, 7, 8, 9, 10]
--- Compaction Task ---
no compaction triggered
--- Statistics ---
Write Amplification: 257/35=7.343x
Maximum Space Usage: 62/35=1.771x
Read Amplification: 3x

=== Iteration 35 ===
--- After Flush ---
L0 (2): [257, 258]
L1 (0): []
L2 (0): []
L3 (28): [227, 228, 201, 202, 203, 204, 205, 206, 207, 208, 209, 210, 211, 212, 213, 214, 215, 216, 217, 218, 219, 220, 221, 222, 223, 224, 225, 226]
L4 (6): [11, 12, 7, 8, 9, 10]
--- Compaction Task ---
flush L0 SST to base level 3
Upper L0 [257.sst 27fee7fe..=30612a4a, 258.sst 5ae616bf..=8b188ebf] Lower L2 [229.sst f79ee0..=899670c, 230.sst 899670d..=103b2f3a, 231.sst 103b2f3b..=17dcf767, 232.sst 17dcf768..=1f7ebf95, 233.sst 1f7ebf96..=272087c3, 234.sst 272087c4..=2ec24ff0, 235.sst 2ec24ff1..=3664181e, 236.sst 3664181f..=3e05e04b, 237.sst 3e05e04c..=45a7a879, 238.sst 45a7a87a..=4d4970a7, 239.sst 4d4970a8..=54eb38d4, 240.sst 54eb38d5..=5c8d0102, 241.sst 5c8d0103..=642ec92f, 242.sst 642ec930..=6bd0915d, 243.sst 6bd0915e..=7372598b, 244.sst 7372598c..=7b1421b8, 245.sst 7b1421b9..=82b5e9e6, 246.sst 82b5e9e7..=8a57b213, 247.sst 8a57b214..=91f97a41, 248.sst 91f97a42..=999b426f, 249.sst 999b4270..=a13d0a9c, 250.sst a13d0a9d..=a8ded2ca, 251.sst a8ded2cb..=b0809af7, 252.sst b0809af8..=b8226325, 253.sst b8226326..=bfc42b53, 254.sst bfc42b54..=c765f380, 255.sst c765f381..=cf07bbae, 256.sst cf07bbaf..=d6a983dc] -> [259.sst f79ee0..=8172681, 260.sst 8172682..=f36ae23, 261.sst f36ae24..=165635c5, 262.sst 165635c6..=1d75bd67, 263.sst 1d75bd68..=24954509, 264.sst 2495450a..=2bb4ccab, 265.sst 2bb4ccac..=32d4544d, 266.sst 32d4544e..=39f3dbef, 267.sst 39f3dbf0..=41136391, 268.sst 41136392..=4832eb33, 269.sst 4832eb34..=4f5272d5, 270.sst 4f5272d6..=5671fa77, 271.sst 5671fa78..=5d918219, 272.sst 5d91821a..=64b109bb, 273.sst 64b109bc..=6bd0915d, 274.sst 6bd0915e..=72f018ff, 275.sst 72f01900..=7a0fa0a1, 276.sst 7a0fa0a2..=812f2843, 277.sst 812f2844..=884eafe5, 278.sst 884eafe6..=8f6e3787, 279.sst 8f6e3788..=968dbf29, 280.sst 968dbf2a..=9dad46cb, 281.sst 9dad46cc..=a4ccce6d, 282.sst a4ccce6e..=abec560f, 283.sst abec5610..=b30bddb1, 284.sst b30bddb2..=ba2b6553, 285.sst ba2b6554..=c14aecf5, 286.sst c14aecf6..=c86a7497, 287.sst c86a7498..=cf89fc39, 288.sst cf89fc3a..=d6a983dc]
--- After Compaction ---
L0 (0): []
L1 (0): []
L2 (0): []
L3 (30): [257, 258, 229, 230, 231, 232, 233, 234, 235, 236, 237, 238, 239, 240, 241, 242, 243, 244, 245, 246, 247, 248, 249, 250, 251, 252, 253, 254, 255, 256]
L4 (6): [11, 12, 7, 8, 9, 10]
--- Compaction Task ---
1 compaction triggered in this iteration
--- Statistics ---
Write Amplification: 288/36=8.000x
Maximum Space Usage: 66/36=1.833x
Read Amplification: 2x

=== Iteration 36 ===
--- After Flush ---
L0 (1): [289]
L1 (0): []
L2 (0): []
L3 (30): [257, 258, 229, 230, 231, 232, 233, 234, 235, 236, 237, 238, 239, 240, 241, 242, 243, 244, 245, 246, 247, 248, 249, 250, 251, 252, 253, 254, 255, 256]
L4 (6): [11, 12, 7, 8, 9, 10]
--- Compaction Task ---
no compaction triggered
--- Statistics ---
Write Amplification: 289/37=7.811x
Maximum Space Usage: 66/37=1.784x
Read Amplification: 3x

=== Iteration 37 ===
--- After Flush ---
L0 (2): [289, 290]
L1 (0): []
L2 (0): []
L3 (30): [257, 258, 229, 230, 231, 232, 233, 234, 235, 236, 237, 238, 239, 240, 241, 242, 243, 244, 245, 246, 247, 248, 249, 250, 251, 252, 253, 254, 255, 256]
L4 (6): [11, 12, 7, 8, 9, 10]
--- Compaction Task ---
flush L0 SST to base level 3
Upper L0 [289.sst 1fcbb4fd..=508ea672, 290.sst 319937a2..=405ff073] Lower L2 [259.sst f79ee0..=8172681, 260.sst 8172682..=f36ae23, 261.sst f36ae24..=165635c5, 262.sst 165635c6..=1d75bd67, 263.sst 1d75bd68..=24954509, 264.sst 2495450a..=2bb4ccab, 265.sst 2bb4ccac..=32d4544d, 266.sst 32d4544e..=39f3dbef, 267.sst 39f3dbf0..=41136391, 268.sst 41136392..=4832eb33, 269.sst 4832eb34..=4f5272d5, 270.sst 4f5272d6..=5671fa77, 271.sst 5671fa78..=5d918219, 272.sst 5d91821a..=64b109bb, 273.sst 64b109bc..=6bd0915d, 274.sst 6bd0915e..=72f018ff, 275.sst 72f01900..=7a0fa0a1, 276.sst 7a0fa0a2..=812f2843, 277.sst 812f2844..=884eafe5, 278.sst 884eafe6..=8f6e3787, 279.sst 8f6e3788..=968dbf29, 280.sst 968dbf2a..=9dad46cb, 281.sst 9dad46cc..=a4ccce6d, 282.sst a4ccce6e..=abec560f, 283.sst abec5610..=b30bddb1, 284.sst b30bddb2..=ba2b6553, 285.sst ba2b6554..=c14aecf5, 286.sst c14aecf6..=c86a7497, 287.sst c86a7498..=cf89fc39, 288.sst cf89fc3a..=d6a983dc] -> [291.sst f79ee0..=7a52e06, 292.sst 7a52e07..=e52bd2e, 293.sst e52bd2f..=15004c56, 294.sst 15004c57..=1baddb7e, 295.sst 1baddb7f..=225b6aa6, 296.sst 225b6aa7..=2908f9ce, 297.sst 2908f9cf..=2fb688f6, 298.sst 2fb688f7..=3664181e, 299.sst 3664181f..=3d11a746, 300.sst 3d11a747..=43bf366e, 301.sst 43bf366f..=4a6cc595, 302.sst 4a6cc596..=511a54bd, 303.sst 511a54be..=57c7e3e5, 304.sst 57c7e3e6..=5e75730d, 305.sst 5e75730e..=65230235, 306.sst 65230236..=6bd0915d, 307.sst 6bd0915e..=727e2085, 308.sst 727e2086..=792bafad, 309.sst 792bafae..=7fd93ed5, 310.sst 7fd93ed6..=8686cdfd, 311.sst 8686cdfe..=8d345d25, 312.sst 8d345d26..=93e1ec4c, 313.sst 93e1ec4d..=9a8f7b74, 314.sst 9a8f7b75..=a13d0a9c, 315.sst a13d0a9d..=a7ea99c4, 316.sst a7ea99c5..=ae9828ec, 317.sst ae9828ed..=b545b814, 318.sst b545b815..=bbf3473c, 319.sst bbf3473d..=c2a0d664, 320.sst c2a0d665..=c94e658c, 321.sst c94e658d..=cffbf4b4, 322.sst cffbf4b5..=d6a983dc]
--- After Compaction ---
L0 (0): []
L1 (0): []
L2 (0): []
L3 (32): [289, 290, 259, 260, 261, 262, 263, 264, 265, 266, 267, 268, 269, 270, 271, 272, 273, 274, 275, 276, 277, 278, 279, 280, 281, 282, 283, 284, 285, 286, 287, 288]
L4 (6): [11, 12, 7, 8, 9, 10]
--- Compaction Task ---
1 compaction triggered in this iteration
--- Statistics ---
Write Amplification: 322/38=8.474x
Maximum Space Usage: 70/38=1.842x
Read Amplification: 2x

=== Iteration 38 ===
--- After Flush ---
L0 (1): [323]
L1 (0): []
L2 (0): []
L3 (32): [289, 290, 259, 260, 261, 262, 263, 264, 265, 266, 267, 268, 269, 270, 271, 272, 273, 274, 275, 276, 277, 278, 279, 280, 281, 282, 283, 284, 285, 286, 287, 288]
L4 (6): [11, 12, 7, 8, 9, 10]
--- Compaction Task ---
no compaction triggered
--- Statistics ---
Write Amplification: 323/39=8.282x
Maximum Space Usage: 70/39=1.795x
Read Amplification: 3x

=== Iteration 39 ===
--- After Flush ---
L0 (2): [323, 324]
L1 (0): []
L2 (0): []
L3 (32): [289, 290, 259, 260, 261, 262, 263, 264, 265, 266, 267, 268, 269, 270, 271, 272, 273, 274, 275, 276, 277, 278, 279, 280, 281, 282, 283, 284, 285, 286, 287, 288]
L4 (6): [11, 12, 7, 8, 9, 10]
--- Compaction Task ---
flush L0 SST to base level 3
Upper L0 [323.sst 371ad147..=6fec639e, 324.sst 4391a4ae..=7ed46a58] Lower L2 [291.sst f79ee0..=7a52e06, 292.sst 7a52e07..=e52bd2e, 293.sst e52bd2f..=15004c56, 294.sst 15004c57..=1baddb7e, 295.sst 1baddb7f..=225b6aa6, 296.sst 225b6aa7..=2908f9ce, 297.sst 2908f9cf..=2fb688f6, 298.sst 2fb688f7..=3664181e, 299.sst 3664181f..=3d11a746, 300.sst 3d11a747..=43bf366e, 301.sst 43bf366f..=4a6cc595, 302.sst 4a6cc596..=511a54bd, 303.sst 511a54be..=57c7e3e5, 304.sst 57c7e3e6..=5e75730d, 305.sst 5e75730e..=65230235, 306.sst 65230236..=6bd0915d, 307.sst 6bd0915e..=727e2085, 308.sst 727e2086..=792bafad, 309.sst 792bafae..=7fd93ed5, 310.sst 7fd93ed6..=8686cdfd, 311.sst 8686cdfe..=8d345d25, 312.sst 8d345d26..=93e1ec4c, 313.sst 93e1ec4d..=9a8f7b74, 314.sst 9a8f7b75..=a13d0a9c, 315.sst a13d0a9d..=a7ea99c4, 316.sst a7ea99c5..=ae9828ec, 317.sst ae9828ed..=b545b814, 318.sst b545b815..=bbf3473c, 319.sst bbf3473d..=c2a0d664, 320.sst c2a0d665..=c94e658c, 321.sst c94e658d..=cffbf4b4, 322.sst cffbf4b5..=d6a983dc] -> [325.sst f79ee0..=7409e13, 326.sst 7409e14..=d899d48, 327.sst d899d49..=13d29c7c, 328.sst 13d29c7d..=1a1b9bb1, 329.sst 1a1b9bb2..=20649ae6, 330.sst 20649ae7..=26ad9a1a, 331.sst 26ad9a1b..=2cf6994f, 332.sst 2cf69950..=333f9883, 333.sst 333f9884..=398897b8, 334.sst 398897b9..=3fd196ed, 335.sst 3fd196ee..=461a9621, 336.sst 461a9622..=4c639556, 337.sst 4c639557..=52ac948b, 338.sst 52ac948c..=58f593bf, 339.sst 58f593c0..=5f3e92f4, 340.sst 5f3e92f5..=65879228, 341.sst 65879229..=6bd0915d, 342.sst 6bd0915e..=72199092, 343.sst 72199093..=78628fc6, 344.sst 78628fc7..=7eab8efb, 345.sst 7eab8efc..=84f48e2f, 346.sst 84f48e30..=8b3d8d64, 347.sst 8b3d8d65..=91868c99, 348.sst 91868c9a..=97cf8bcd, 349.sst 97cf8bce..=9e188b02, 350.sst 9e188b03..=a4618a37, 351.sst a4618a38..=aaaa896b, 352.sst aaaa896c..=b0f388a0, 353.sst b0f388a1..=b73c87d4, 354.sst b73c87d5..=bd858709, 355.sst bd85870a..=c3ce863e, 356.sst c3ce863f..=ca178572, 357.sst ca178573..=d06084a7, 358.sst d06084a8..=d6a983dc]
--- After Compaction ---
L0 (0): []
L1 (0): []
L2 (0): []
L3 (34): [323, 324, 291, 292, 293, 294, 295, 296, 297, 298, 299, 300, 301, 302, 303, 304, 305, 306, 307, 308, 309, 310, 311, 312, 313, 314, 315, 316, 317, 318, 319, 320, 321, 322]
L4 (6): [11, 12, 7, 8, 9, 10]
--- Compaction Task ---
1 compaction triggered in this iteration
--- Statistics ---
Write Amplification: 358/40=8.950x
Maximum Space Usage: 74/40=1.850x
Read Amplification: 2x

=== Iteration 40 ===
--- After Flush ---
L0 (1): [359]
L1 (0): []
L2 (0): []
L3 (34): [323, 324, 291, 292, 293, 294, 295, 296, 297, 298, 299, 300, 301, 302, 303, 304, 305, 306, 307, 308, 309, 310, 311, 312, 313, 314, 315, 316, 317, 318, 319, 320, 321, 322]
L4 (6): [11, 12, 7, 8, 9, 10]
--- Compaction Task ---
no compaction triggered
--- Statistics ---
Write Amplification: 359/41=8.756x
Maximum Space Usage: 74/41=1.805x
Read Amplification: 3x

=== Iteration 41 ===
--- After Flush ---
L0 (2): [359, 360]
L1 (0): []
L2 (0): []
L3 (34): [323, 324, 291, 292, 293, 294, 295, 296, 297, 298, 299, 300, 301, 302, 303, 304, 305, 306, 307, 308, 309, 310, 311, 312, 313, 314, 315, 316, 317, 318, 319, 320, 321, 322]
L4 (6): [11, 12, 7, 8, 9, 10]
--- Compaction Task ---
flush L0 SST to base level 3
Upper L0 [359.sst 29cc290f..=73bbcfb3, 360.sst 29887300..=73c52fdb] Lower L2 [325.sst f79ee0..=7409e13, 326.sst 7409e14..=d899d48, 327.sst d899d49..=13d29c7c, 328.sst 13d29c7d..=1a1b9bb1, 329.sst 1a1b9bb2..=20649ae6, 330.sst 20649ae7..=26ad9a1a, 331.sst 26ad9a1b..=2cf6994f, 332.sst 2cf69950..=333f9883, 333.sst 333f9884..=398897b8, 334.sst 398897b9..=3fd196ed, 335.sst 3fd196ee..=461a9621, 336.sst 461a9622..=4c639556, 337.sst 4c639557..=52ac948b, 338.sst 52ac948c..=58f593bf, 339.sst 58f593c0..=5f3e92f4, 340.sst 5f3e92f5..=65879228, 341.sst 65879229..=6bd0915d, 342.sst 6bd0915e..=72199092, 343.sst 72199093..=78628fc6, 344.sst 78628fc7..=7eab8efb, 345.sst 7eab8efc..=84f48e2f, 346.sst 84f48e30..=8b3d8d64, 347.sst 8b3d8d65..=91868c99, 348.sst 91868c9a..=97cf8bcd, 349.sst 97cf8bce..=9e188b02, 350.sst 9e188b03..=a4618a37, 351.sst a4618a38..=aaaa896b, 352.sst aaaa896c..=b0f388a0, 353.sst b0f388a1..=b73c87d4, 354.sst b73c87d5..=bd858709, 355.sst bd85870a..=c3ce863e, 356.sst c3ce863f..=ca178572, 357.sst ca178573..=d06084a7, 358.sst d06084a8..=d6a983dc] -> [361.sst f79ee0..=6e73a90, 362.sst 6e73a91..=cd6d642, 363.sst cd6d643..=12c671f4, 364.sst 12c671f5..=18b60da5, 365.sst 18b60da6..=1ea5a957, 366.sst 1ea5a958..=24954509, 367.sst 2495450a..=2a84e0ba, 368.sst 2a84e0bb..=30747c6c, 369.sst 30747c6d..=3664181e, 370.sst 3664181f..=3c53b3cf, 371.sst 3c53b3d0..=42434f81, 372.sst 42434f82..=4832eb33, 373.sst 4832eb34..=4e2286e5, 374.sst 4e2286e6..=54122296, 375.sst 54122297..=5a01be48, 376.sst 5a01be49..=5ff159fa, 377.sst 5ff159fb..=65e0f5ab, 378.sst 65e0f5ac..=6bd0915d, 379.sst 6bd0915e..=71c02d0f, 380.sst 71c02d10..=77afc8c0, 381.sst 77afc8c1..=7d9f6472, 382.sst 7d9f6473..=838f0024, 383.sst 838f0025..=897e9bd5, 384.sst 897e9bd6..=8f6e3787, 385.sst 8f6e3788..=955dd339, 386.sst 955dd33a..=9b4d6eeb, 387.sst 9b4d6eec..=a13d0a9c, 388.sst a13d0a9d..=a72ca64e, 389.sst a72ca64f..=ad1c4200, 390.sst ad1c4201..=b30bddb1, 391.sst b30bddb2..=b8fb7963, 392.sst b8fb7964..=beeb1515, 393.sst beeb1516..=c4dab0c6, 394.sst c4dab0c7..=caca4c78, 395.sst caca4c79..=d0b9e82a, 396.sst d0b9e82b..=d6a983dc]
--- After Compaction ---
L0 (0): []
L1 (0): []
L2 (0): []
L3 (36): [359, 360, 325, 326, 327, 328, 329, 330, 331, 332, 333, 334, 335, 336, 337, 338, 339, 340, 341, 342, 343, 344, 345, 346, 347, 348, 349, 350, 351, 352, 353, 354, 355, 356, 357, 358]
L4 (6): [11, 12, 7, 8, 9, 10]
--- Compaction Task ---
1 compaction triggered in this iteration
--- Statistics ---
Write Amplification: 396/42=9.429x
Maximum Space Usage: 78/42=1.857x
Read Amplification: 2x

=== Iteration 42 ===
--- After Flush ---
L0 (1): [397]
L1 (0): []
L2 (0): []
L3 (36): [359, 360, 325, 326, 327, 328, 329, 330, 331, 332, 333, 334, 335, 336, 337, 338, 339, 340, 341, 342, 343, 344, 345, 346, 347, 348, 349, 350, 351, 352, 353, 354, 355, 356, 357, 358]
L4 (6): [11, 12, 7, 8, 9, 10]
--- Compaction Task ---
no compaction triggered
--- Statistics ---
Write Amplification: 397/43=9.233x
Maximum Space Usage: 78/43=1.814x
Read Amplification: 3x

=== Iteration 43 ===
--- After Flush ---
L0 (2): [397, 398]
L1 (0): []
L2 (0): []
L3 (36): [359, 360, 325, 326, 327, 328, 329, 330, 331, 332, 333, 334, 335, 336, 337, 338, 339, 340, 341, 342, 343, 344, 345, 346, 347, 348, 349, 350, 351, 352, 353, 354, 355, 356, 357, 358]
L4 (6): [11, 12, 7, 8, 9, 10]
--- Compaction Task ---
flush L0 SST to base level 3
Upper L0 [397.sst 689c8f1b..=a5057f98, 398.sst 677b7c36..=6cbcb549] Lower L2 [361.sst f79ee0..=6e73a90, 362.sst 6e73a91..=cd6d642, 363.sst cd6d643..=12c671f4, 364.sst 12c671f5..=18b60da5, 365.sst 18b60da6..=1ea5a957, 366.sst 1ea5a958..=24954509, 367.sst 2495450a..=2a84e0ba, 368.sst 2a84e0bb..=30747c6c, 369.sst 30747c6d..=3664181e, 370.sst 3664181f..=3c53b3cf, 371.sst 3c53b3d0..=42434f81, 372.sst 42434f82..=4832eb33, 373.sst 4832eb34..=4e2286e5, 374.sst 4e2286e6..=54122296, 375.sst 54122297..=5a01be48, 376.sst 5a01be49..=5ff159fa, 377.sst 5ff159fb..=65e0f5ab, 378.sst 65e0f5ac..=6bd0915d, 379.sst 6bd0915e..=71c02d0f, 380.sst 71c02d10..=77afc8c0, 381.sst 77afc8c1..=7d9f6472, 382.sst 7d9f6473..=838f0024, 383.sst 838f0025..=897e9bd5, 384.sst 897e9bd6..=8f6e3787, 385.sst 8f6e3788..=955dd339, 386.sst 955dd33a..=9b4d6eeb, 387.sst 9b4d6eec..=a13d0a9c, 388.sst a13d0a9d..=a72ca64e, 389.sst a72ca64f..=ad1c4200, 390.sst ad1c4201..=b30bddb1, 391.sst b30bddb2..=b8fb7963, 392.sst b8fb7964..=beeb1515, 393.sst beeb1516..=c4dab0c6, 394.sst c4dab0c7..=caca4c78, 395.sst caca4c79..=d0b9e82a, 396.sst d0b9e82b..=d6a983dc] -> [399.sst f79ee0..=6973fd8, 400.sst 6973fd9..=c36e0d1, 401.sst c36e0d2..=11d681ca, 402.sst 11d681cb..=177622c3, 403.sst 177622c4..=1d15c3bc, 404.sst 1d15c3bd..=22b564b6, 405.sst 22b564b7..=285505af, 406.sst 285505b0..=2df4a6a8, 407.sst 2df4a6a9..=339447a1, 408.sst 339447a2..=3933e89a, 409.sst 3933e89b..=3ed38994, 410.sst 3ed38995..=44732a8d, 411.sst 44732a8e..=4a12cb86, 412.sst 4a12cb87..=4fb26c7f, 413.sst 4fb26c80..=55520d78, 414.sst 55520d79..=5af1ae71, 415.sst 5af1ae72..=60914f6b, 416.sst 60914f6c..=6630f064, 417.sst 6630f065..=6bd0915d, 418.sst 6bd0915e..=71703256, 419.sst 71703257..=770fd34f, 420.sst 770fd350..=7caf7449, 421.sst 7caf744a..=824f1542, 422.sst 824f1543..=87eeb63b, 423.sst 87eeb63c..=8d8e5734, 424.sst 8d8e5735..=932df82d, 425.sst 932df82e..=98cd9926, 426.sst 98cd9927..=9e6d3a20, 427.sst 9e6d3a21..=a40cdb19, 428.sst a40cdb1a..=a9ac7c12, 429.sst a9ac7c13..=af4c1d0b, 430.sst af4c1d0c..=b4ebbe04, 431.sst b4ebbe05..=ba8b5efe, 432.sst ba8b5eff..=c02afff7, 433.sst c02afff8..=c5caa0f0, 434.sst c5caa0f1..=cb6a41e9, 435.sst cb6a41ea..=d109e2e2, 436.sst d109e2e3..=d6a983dc]
--- After Compaction ---
L0 (0): []
L1 (0): []
L2 (0): []
L3 (38): [397, 398, 361, 362, 363, 364, 365, 366, 367, 368, 369, 370, 371, 372, 373, 374, 375, 376, 377, 378, 379, 380, 381, 382, 383, 384, 385, 386, 387, 388, 389, 390, 391, 392, 393, 394, 395, 396]
L4 (6): [11, 12, 7, 8, 9, 10]
--- Compaction Task ---
1 compaction triggered in this iteration
--- Statistics ---
Write Amplification: 436/44=9.909x
Maximum Space Usage: 82/44=1.864x
Read Amplification: 2x

=== Iteration 44 ===
--- After Flush ---
L0 (1): [437]
L1 (0): []
L2 (0): []
L3 (38): [397, 398, 361, 362, 363, 364, 365, 366, 367, 368, 369, 370, 371, 372, 373, 374, 375, 376, 377, 378, 379, 380, 381, 382, 383, 384, 385, 386, 387, 388, 389, 390, 391, 392, 393, 394, 395, 396]
L4 (6): [11, 12, 7, 8, 9, 10]
--- Compaction Task ---
no compaction triggered
--- Statistics ---
Write Amplification: 437/45=9.711x
Maximum Space Usage: 82/45=1.822x
Read Amplification: 3x

=== Iteration 45 ===
--- After Flush ---
L0 (2): [437, 438]
L1 (0): []
L2 (0): []
L3 (38): [397, 398, 361, 362, 363, 364, 365, 366, 367, 368, 369, 370, 371, 372, 373, 374, 375, 376, 377, 378, 379, 380, 381, 382, 383, 384, 385, 386, 387, 388, 389, 390, 391, 392, 393, 394, 395, 396]
L4 (6): [11, 12, 7, 8, 9, 10]
--- Compaction Task ---
flush L0 SST to base level 3
Upper L0 [437.sst 280b1fd5..=71cdb73f, 438.sst 4649e0c3..=b85be739] Lower L2 [399.sst f79ee0..=6973fd8, 400.sst 6973fd9..=c36e0d1, 401.sst c36e0d2..=11d681ca, 402.sst 11d681cb..=177622c3, 403.sst 177622c4..=1d15c3bc, 404.sst 1d15c3bd..=22b564b6, 405.sst 22b564b7..=285505af, 406.sst 285505b0..=2df4a6a8, 407.sst 2df4a6a9..=339447a1, 408.sst 339447a2..=3933e89a, 409.sst 3933e89b..=3ed38994, 410.sst 3ed38995..=44732a8d, 411.sst 44732a8e..=4a12cb86, 412.sst 4a12cb87..=4fb26c7f, 413.sst 4fb26c80..=55520d78, 414.sst 55520d79..=5af1ae71, 415.sst 5af1ae72..=60914f6b, 416.sst 60914f6c..=6630f064, 417.sst 6630f065..=6bd0915d, 418.sst 6bd0915e..=71703256, 419.sst 71703257..=770fd34f, 420.sst 770fd350..=7caf7449, 421.sst 7caf744a..=824f1542, 422.sst 824f1543..=87eeb63b, 423.sst 87eeb63c..=8d8e5734, 424.sst 8d8e5735..=932df82d, 425.sst 932df82e..=98cd9926, 426.sst 98cd9927..=9e6d3a20, 427.sst 9e6d3a21..=a40cdb19, 428.sst a40cdb1a..=a9ac7c12, 429.sst a9ac7c13..=af4c1d0b, 430.sst af4c1d0c..=b4ebbe04, 431.sst b4ebbe05..=ba8b5efe, 432.sst ba8b5eff..=c02afff7, 433.sst c02afff8..=c5caa0f0, 434.sst c5caa0f1..=cb6a41e9, 435.sst cb6a41ea..=d109e2e2, 436.sst d109e2e3..=d6a983dc] -> [439.sst f79ee0..=64f4498, 440.sst 64f4499..=ba6ea52, 441.sst ba6ea53..=10fe900b, 442.sst 10fe900c..=165635c5, 443.sst 165635c6..=1baddb7e, 444.sst 1baddb7f..=21058138, 445.sst 21058139..=265d26f1, 446.sst 265d26f2..=2bb4ccab, 447.sst 2bb4ccac..=310c7264, 448.sst 310c7265..=3664181e, 449.sst 3664181f..=3bbbbdd7, 450.sst 3bbbbdd8..=41136391, 451.sst 41136392..=466b094a, 452.sst 466b094b..=4bc2af04, 453.sst 4bc2af05..=511a54bd, 454.sst 511a54be..=5671fa77, 455.sst 5671fa78..=5bc9a030, 456.sst 5bc9a031..=612145ea, 457.sst 612145eb..=6678eba3, 458.sst 6678eba4..=6bd0915d, 459.sst 6bd0915e..=71283717, 460.sst 71283718..=767fdcd0, 461.sst 767fdcd1..=7bd7828a, 462.sst 7bd7828b..=812f2843, 463.sst 812f2844..=8686cdfd, 464.sst 8686cdfe..=8bde73b6, 465.sst 8bde73b7..=91361970, 466.sst 91361971..=968dbf29, 467.sst 968dbf2a..=9be564e3, 468.sst 9be564e4..=a13d0a9c, 469.sst a13d0a9d..=a694b056, 470.sst a694b057..=abec560f, 471.sst abec5610..=b143fbc9, 472.sst b143fbca..=b69ba182, 473.sst b69ba183..=bbf3473c, 474.sst bbf3473d..=c14aecf5, 475.sst c14aecf6..=c6a292af, 476.sst c6a292b0..=cbfa3868, 477.sst cbfa3869..=d151de22, 478.sst d151de23..=d6a983dc]
--- After Compaction ---
L0 (0): []
L1 (0): []
L2 (0): []
L3 (40): [437, 438, 399, 400, 401, 402, 403, 404, 405, 406, 407, 408, 409, 410, 411, 412, 413, 414, 415, 416, 417, 418, 419, 420, 421, 422, 423, 424, 425, 426, 427, 428, 429, 430, 431, 432, 433, 434, 435, 436]
L4 (6): [11, 12, 7, 8, 9, 10]
--- Compaction Task ---
1 compaction triggered in this iteration
--- Statistics ---
Write Amplification: 478/46=10.391x
Maximum Space Usage: 86/46=1.870x
Read Amplification: 2x

=== Iteration 46 ===
--- After Flush ---
L0 (1): [479]
L1 (0): []
L2 (0): []
L3 (40): [437, 438, 399, 400, 401, 402, 403, 404, 405, 406, 407, 408, 409, 410, 411, 412, 413, 414, 415, 416, 417, 418, 419, 420, 421, 422, 423, 424, 425, 426, 427, 428, 429, 430, 431, 432, 433, 434, 435, 436]
L4 (6): [11, 12, 7, 8, 9, 10]
--- Compaction Task ---
no compaction triggered
--- Statistics ---
Write Amplification: 479/47=10.191x
Maximum Space Usage: 86/47=1.830x
Read Amplification: 3x

=== Iteration 47 ===
--- After Flush ---
L0 (2): [479, 480]
L1 (0): []
L2 (0): []
L3 (40): [437, 438, 399, 400, 401, 402, 403, 404, 405, 406, 407, 408, 409, 410, 411, 412, 413, 414, 415, 416, 417, 418, 419, 420, 421, 422, 423, 424, 425, 426, 427, 428, 429, 430, 431, 432, 433, 434, 435, 436]
L4 (6): [11, 12, 7, 8, 9, 10]
--- Compaction Task ---
flush L0 SST to base level 3
Upper L0 [479.sst 274e5d80..=72dfc533, 480.sst 66edccb2..=7905dae6] Lower L2 [439.sst f79ee0..=64f4498, 440.sst 64f4499..=ba6ea52, 441.sst ba6ea53..=10fe900b, 442.sst 10fe900c..=165635c5, 443.sst 165635c6..=1baddb7e, 444.sst 1baddb7f..=21058138, 445.sst 21058139..=265d26f1, 446.sst 265d26f2..=2bb4ccab, 447.sst 2bb4ccac..=310c7264, 448.sst 310c7265..=3664181e, 449.sst 3664181f..=3bbbbdd7, 450.sst 3bbbbdd8..=41136391, 451.sst 41136392..=466b094a, 452.sst 466b094b..=4bc2af04, 453.sst 4bc2af05..=511a54bd, 454.sst 511a54be..=5671fa77, 455.sst 5671fa78..=5bc9a030, 456.sst 5bc9a031..=612145ea, 457.sst 612145eb..=6678eba3, 458.sst 6678eba4..=6bd0915d, 459.sst 6bd0915e..=71283717, 460.sst 71283718..=767fdcd0, 461.sst 767fdcd1..=7bd7828a, 462.sst 7bd7828b..=812f2843, 463.sst 812f2844..=8686cdfd, 464.sst 8686cdfe..=8bde73b6, 465.sst 8bde73b7..=91361970, 466.sst 91361971..=968dbf29, 467.sst 968dbf2a..=9be564e3, 468.sst 9be564e4..=a13d0a9c, 469.sst a13d0a9d..=a694b056, 470.sst a694b057..=abec560f, 471.sst abec5610..=b143fbc9, 472.sst b143fbca..=b69ba182, 473.sst b69ba183..=bbf3473c, 474.sst bbf3473d..=c14aecf5, 475.sst c14aecf6..=c6a292af, 476.sst c6a292b0..=cbfa3868, 477.sst cbfa3869..=d151de22, 478.sst d151de23..=d6a983dc] -> [481.sst f79ee0..=60e2452, 482.sst 60e2453..=b24a9c6, 483.sst b24a9c7..=103b2f3a, 484.sst 103b2f3b..=1551b4ad, 485.sst 1551b4ae..=1a683a21, 486.sst 1a683a22..=1f7ebf95, 487.sst 1f7ebf96..=24954509, 488.sst 2495450a..=29abca7c, 489.sst 29abca7d..=2ec24ff0, 490.sst 2ec24ff1..=33d8d564, 491.sst 33d8d565..=38ef5ad8, 492.sst 38ef5ad9..=3e05e04b, 493.sst 3e05e04c..=431c65bf, 494.sst 431c65c0..=4832eb33, 495.sst 4832eb34..=4d4970a7, 496.sst 4d4970a8..=525ff61a, 497.sst 525ff61b..=57767b8e, 498.sst 57767b8f..=5c8d0102, 499.sst 5c8d0103..=61a38676, 500.sst 61a38677..=66ba0be9, 501.sst 66ba0bea..=6bd0915d, 502.sst 6bd0915e..=70e716d1, 503.sst 70e716d2..=75fd9c44, 504.sst 75fd9c45..=7b1421b8, 505.sst 7b1421b9..=802aa72c, 506.sst 802aa72d..=85412ca0, 507.sst 85412ca1..=8a57b213, 508.sst 8a57b214..=8f6e3787, 509.sst 8f6e3788..=9484bcfb, 510.sst 9484bcfc..=999b426f, 511.sst 999b4270..=9eb1c7e2, 512.sst 9eb1c7e3..=a3c84d56, 513.sst a3c84d57..=a8ded2ca, 514.sst a8ded2cb..=adf5583e, 515.sst adf5583f..=b30bddb1, 516.sst b30bddb2..=b8226325, 517.sst b8226326..=bd38e899, 518.sst bd38e89a..=c24f6e0d, 519.sst c24f6e0e..=c765f380, 520.sst c765f381..=cc7c78f4, 521.sst cc7c78f5..=d192fe68, 522.sst d192fe69..=d6a983dc]
--- After Compaction ---
L0 (0): []
L1 (0): []
L2 (0): []
L3 (42): [479, 480, 439, 440, 441, 442, 443, 444, 445, 446, 447, 448, 449, 450, 451, 452, 453, 454, 455, 456, 457, 458, 459, 460, 461, 462, 463, 464, 465, 466, 467, 468, 469, 470, 471, 472, 473, 474, 475, 476, 477, 478]
L4 (6): [11, 12, 7, 8, 9, 10]
--- Compaction Task ---
1 compaction triggered in this iteration
--- Statistics ---
Write Amplification: 522/48=10.875x
Maximum Space Usage: 90/48=1.875x
Read Amplification: 2x

=== Iteration 48 ===
--- After Flush ---
L0 (1): [523]
L1 (0): []
L2 (0): []
L3 (42): [479, 480, 439, 440, 441, 442, 443, 444, 445, 446, 447, 448, 449, 450, 451, 452, 453, 454, 455, 456, 457, 458, 459, 460, 461, 462, 463, 464, 465, 466, 467, 468, 469, 470, 471, 472, 473, 474, 475, 476, 477, 478]
L4 (6): [11, 12, 7, 8, 9, 10]
--- Compaction Task ---
no compaction triggered
--- Statistics ---
Write Amplification: 523/49=10.673x
Maximum Space Usage: 90/49=1.837x
Read Amplification: 3x

=== Iteration 49 ===
--- After Flush ---
L0 (2): [523, 524]
L1 (0): []
L2 (0): []
L3 (42): [479, 480, 439, 440, 441, 442, 443, 444, 445, 446, 447, 448, 449, 450, 451, 452, 453, 454, 455, 456, 457, 458, 459, 460, 461, 462, 463, 464, 465, 466, 467, 468, 469, 470, 471, 472, 473, 474, 475, 476, 477, 478]
L4 (6): [11, 12, 7, 8, 9, 10]
--- Compaction Task ---
flush L0 SST to base level 3
Upper L0 [523.sst 171ac1a..=553d959e, 524.sst 7a34cba5..=f512e435] Lower L2 [481.sst f79ee0..=60e2452, 482.sst 60e2453..=b24a9c6, 483.sst b24a9c7..=103b2f3a, 484.sst 103b2f3b..=1551b4ad, 485.sst 1551b4ae..=1a683a21, 486.sst 1a683a22..=1f7ebf95, 487.sst 1f7ebf96..=24954509, 488.sst 2495450a..=29abca7c, 489.sst 29abca7d..=2ec24ff0, 490.sst 2ec24ff1..=33d8d564, 491.sst 33d8d565..=38ef5ad8, 492.sst 38ef5ad9..=3e05e04b, 493.sst 3e05e04c..=431c65bf, 494.sst 431c65c0..=4832eb33, 495.sst 4832eb34..=4d4970a7, 496.sst 4d4970a8..=525ff61a, 497.sst 525ff61b..=57767b8e, 498.sst 57767b8f..=5c8d0102, 499.sst 5c8d0103..=61a38676, 500.sst 61a38677..=66ba0be9, 501.sst 66ba0bea..=6bd0915d, 502.sst 6bd0915e..=70e716d1, 503.sst 70e716d2..=75fd9c44, 504.sst 75fd9c45..=7b1421b8, 505.sst 7b1421b9..=802aa72c, 506.sst 802aa72d..=85412ca0, 507.sst 85412ca1..=8a57b213, 508.sst 8a57b214..=8f6e3787, 509.sst 8f6e3788..=9484bcfb, 510.sst 9484bcfc..=999b426f, 511.sst 999b4270..=9eb1c7e2, 512.sst 9eb1c7e3..=a3c84d56, 513.sst a3c84d57..=a8ded2ca, 514.sst a8ded2cb..=adf5583e, 515.sst adf5583f..=b30bddb1, 516.sst b30bddb2..=b8226325, 517.sst b8226326..=bd38e899, 518.sst bd38e89a..=c24f6e0d, 519.sst c24f6e0e..=c765f380, 520.sst c765f381..=cc7c78f4, 521.sst cc7c78f5..=d192fe68, 522.sst d192fe69..=d6a983dc] -> [525.sst f79ee0..=683e072, 526.sst 683e073..=c102205, 527.sst c102206..=119c6399, 528.sst 119c639a..=1728a52c, 529.sst 1728a52d..=1cb4e6c0, 530.sst 1cb4e6c1..=22412853, 531.sst 22412854..=27cd69e6, 532.sst 27cd69e7..=2d59ab7a, 533.sst 2d59ab7b..=32e5ed0d, 534.sst 32e5ed0e..=38722ea1, 535.sst 38722ea2..=3dfe7034, 536.sst 3dfe7035..=438ab1c7, 537.sst 438ab1c8..=4916f35b, 538.sst 4916f35c..=4ea334ee, 539.sst 4ea334ef..=542f7682, 540.sst 542f7683..=59bbb815, 541.sst 59bbb816..=5f47f9a8, 542.sst 5f47f9a9..=64d43b3c, 543.sst 64d43b3d..=6a607ccf, 544.sst 6a607cd0..=6fecbe63, 545.sst 6fecbe64..=7578fff6, 546.sst 7578fff7..=7b05418a, 547.sst 7b05418b..=8091831d, 548.sst 8091831e..=861dc4b0, 549.sst 861dc4b1..=8baa0644, 550.sst 8baa0645..=913647d7, 551.sst 913647d8..=96c2896b, 552.sst 96c2896c..=9c4ecafe, 553.sst 9c4ecaff..=a1db0c91, 554.sst a1db0c92..=a7674e25, 555.sst a7674e26..=acf38fb8, 556.sst acf38fb9..=b27fd14c, 557.sst b27fd14d..=b80c12df, 558.sst b80c12e0..=bd985472, 559.sst bd985473..=c3249606, 560.sst c3249607..=c8b0d799, 561.sst c8b0d79a..=ce3d192d, 562.sst ce3d192e..=d3c95ac0, 563.sst d3c95ac1..=d9559c53, 564.sst d9559c54..=dee1dde7, 565.sst dee1dde8..=e46e1f7a, 566.sst e46e1f7b..=e9fa610e, 567.sst e9fa610f..=ef86a2a1, 568.sst ef86a2a2..=f512e435]
--- After Compaction ---
L0 (0): []
L1 (0): []
L2 (0): []
L3 (44): [523, 524, 481, 482, 483, 484, 485, 486, 487, 488, 489, 490, 491, 492, 493, 494, 495, 496, 497, 498, 499, 500, 501, 502, 503, 504, 505, 506, 507, 508, 509, 510, 511, 512, 513, 514, 515, 516, 517, 518, 519, 520, 521, 522]
L4 (6): [11, 12, 7, 8, 9, 10]
--- Compaction Task ---
1 compaction triggered in this iteration
--- Statistics ---
Write Amplification: 568/50=11.360x
Maximum Space Usage: 94/50=1.880x
Read Amplification: 2x

