=== Iteration 0 ===
--- After Flush ---
L0 (1): [1]
L1 (0): []
L2 (0): []
L3 (0): []
--- Compaction Task ---
no compaction triggered
--- Statistics ---
Write Amplification: 1/1=1.000x
Maximum Space Usage: 1/1=1.000x
Read Amplification: 1x

=== Iteration 1 ===
--- After Flush ---
L0 (2): [1, 2]
L1 (0): []
L2 (0): []
L3 (0): []
--- Compaction Task ---
compaction triggered at level 0 and 1 with size ratio 0
Upper L0 [1, 2] Lower L1 [] -> [3, 4]
--- After Compaction ---
L0 (0): []
L1 (2): [1, 2]
L2 (0): []
L3 (0): []
--- Compaction Task ---
compaction triggered at level 1 and 2 with size ratio 0
Upper L1 [3, 4] Lower L2 [] -> [5, 6]
--- After Compaction ---
L0 (0): []
L1 (0): []
L2 (2): [3, 4]
L3 (0): []
--- Compaction Task ---
compaction triggered at level 2 and 3 with size ratio 0
Upper L2 [5, 6] Lower L3 [] -> [7, 8]
--- After Compaction ---
L0 (0): []
L1 (0): []
L2 (0): []
L3 (2): [5, 6]
--- Compaction Task ---
3 compaction triggered in this iteration
--- Statistics ---
Write Amplification: 8/2=4.000x
Maximum Space Usage: 4/2=2.000x
Read Amplification: 1x

=== Iteration 2 ===
--- After Flush ---
L0 (1): [9]
L1 (0): []
L2 (0): []
L3 (2): [5, 6]
--- Compaction Task ---
no compaction triggered
--- Statistics ---
Write Amplification: 9/3=3.000x
Maximum Space Usage: 4/3=1.333x
Read Amplification: 2x

=== Iteration 3 ===
--- After Flush ---
L0 (2): [9, 10]
L1 (0): []
L2 (0): []
L3 (2): [5, 6]
--- Compaction Task ---
compaction triggered at level 0 and 1 with size ratio 0
Upper L0 [9, 10] Lower L1 [] -> [11, 12]
--- After Compaction ---
L0 (0): []
L1 (2): [9, 10]
L2 (0): []
L3 (2): [5, 6]
--- Compaction Task ---
compaction triggered at level 1 and 2 with size ratio 0
Upper L1 [11, 12] Lower L2 [] -> [13, 14]
--- After Compaction ---
L0 (0): []
L1 (0): []
L2 (2): [11, 12]
L3 (2): [5, 6]
--- Compaction Task ---
compaction triggered at level 2 and 3 with size ratio 1
Upper L2 [13, 14] Lower L3 [7, 8] -> [15, 16, 17, 18]
--- After Compaction ---
L0 (0): []
L1 (0): []
L2 (0): []
L3 (4): [13, 14, 7, 8]
--- Compaction Task ---
3 compaction triggered in this iteration
--- Statistics ---
Write Amplification: 18/4=4.500x
Maximum Space Usage: 8/4=2.000x
Read Amplification: 1x

=== Iteration 4 ===
--- After Flush ---
L0 (1): [19]
L1 (0): []
L2 (0): []
L3 (4): [13, 14, 7, 8]
--- Compaction Task ---
no compaction triggered
--- Statistics ---
Write Amplification: 19/5=3.800x
Maximum Space Usage: 8/5=1.600x
Read Amplification: 2x

=== Iteration 5 ===
--- After Flush ---
L0 (2): [19, 20]
L1 (0): []
L2 (0): []
L3 (4): [13, 14, 7, 8]
--- Compaction Task ---
compaction triggered at level 0 and 1 with size ratio 0
Upper L0 [19, 20] Lower L1 [] -> [21, 22]
--- After Compaction ---
L0 (0): []
L1 (2): [19, 20]
L2 (0): []
L3 (4): [13, 14, 7, 8]
--- Compaction Task ---
compaction triggered at level 1 and 2 with size ratio 0
Upper L1 [21, 22] Lower L2 [] -> [23, 24]
--- After Compaction ---
L0 (0): []
L1 (0): []
L2 (2): [21, 22]
L3 (4): [13, 14, 7, 8]
--- Compaction Task ---
2 compaction triggered in this iteration
--- Statistics ---
Write Amplification: 24/6=4.000x
Maximum Space Usage: 8/6=1.333x
Read Amplification: 2x

=== Iteration 6 ===
--- After Flush ---
L0 (1): [25]
L1 (0): []
L2 (2): [21, 22]
L3 (4): [13, 14, 7, 8]
--- Compaction Task ---
no compaction triggered
--- Statistics ---
Write Amplification: 25/7=3.571x
Maximum Space Usage: 8/7=1.143x
Read Amplification: 3x

=== Iteration 7 ===
--- After Flush ---
L0 (2): [25, 26]
L1 (0): []
L2 (2): [21, 22]
L3 (4): [13, 14, 7, 8]
--- Compaction Task ---
compaction triggered at level 0 and 1 with size ratio 0
Upper L0 [25, 26] Lower L1 [] -> [27, 28]
--- After Compaction ---
L0 (0): []
L1 (2): [25, 26]
L2 (2): [21, 22]
L3 (4): [13, 14, 7, 8]
--- Compaction Task ---
compaction triggered at level 1 and 2 with size ratio 1
Upper L1 [27, 28] Lower L2 [23, 24] -> [29, 30, 31, 32]
--- After Compaction ---
L0 (0): []
L1 (0): []
L2 (4): [27, 28, 23, 24]
L3 (4): [13, 14, 7, 8]
--- Compaction Task ---
compaction triggered at level 2 and 3 with size ratio 1
Upper L2 [29, 30, 31, 32] Lower L3 [15, 16, 17, 18] -> [33, 34, 35, 36, 37, 38, 39, 40]
--- After Compaction ---
L0 (0): []
L1 (0): []
L2 (0): []
L3 (8): [29, 30, 31, 32, 15, 16, 17, 18]
--- Compaction Task ---
3 compaction triggered in this iteration
--- Statistics ---
Write Amplification: 40/8=5.000x
Maximum Space Usage: 16/8=2.000x
Read Amplification: 1x

=== Iteration 8 ===
--- After Flush ---
L0 (1): [41]
L1 (0): []
L2 (0): []
L3 (8): [29, 30, 31, 32, 15, 16, 17, 18]
--- Compaction Task ---
no compaction triggered
--- Statistics ---
Write Amplification: 41/9=4.556x
Maximum Space Usage: 16/9=1.778x
Read Amplification: 2x

=== Iteration 9 ===
--- After Flush ---
L0 (2): [41, 42]
L1 (0): []
L2 (0): []
L3 (8): [29, 30, 31, 32, 15, 16, 17, 18]
--- Compaction Task ---
compaction triggered at level 0 and 1 with size ratio 0
Upper L0 [41, 42] Lower L1 [] -> [43, 44]
--- After Compaction ---
L0 (0): []
L1 (2): [41, 42]
L2 (0): []
L3 (8): [29, 30, 31, 32, 15, 16, 17, 18]
--- Compaction Task ---
compaction triggered at level 1 and 2 with size ratio 0
Upper L1 [43, 44] Lower L2 [] -> [45, 46]
--- After Compaction ---
L0 (0): []
L1 (0): []
L2 (2): [43, 44]
L3 (8): [29, 30, 31, 32, 15, 16, 17, 18]
--- Compaction Task ---
2 compaction triggered in this iteration
--- Statistics ---
Write Amplification: 46/10=4.600x
Maximum Space Usage: 16/10=1.600x
Read Amplification: 2x

=== Iteration 10 ===
--- After Flush ---
L0 (1): [47]
L1 (0): []
L2 (2): [43, 44]
L3 (8): [29, 30, 31, 32, 15, 16, 17, 18]
--- Compaction Task ---
no compaction triggered
--- Statistics ---
Write Amplification: 47/11=4.273x
Maximum Space Usage: 16/11=1.455x
Read Amplification: 3x

=== Iteration 11 ===
--- After Flush ---
L0 (2): [47, 48]
L1 (0): []
L2 (2): [43, 44]
L3 (8): [29, 30, 31, 32, 15, 16, 17, 18]
--- Compaction Task ---
compaction triggered at level 0 and 1 with size ratio 0
Upper L0 [47, 48] Lower L1 [] -> [49, 50]
--- After Compaction ---
L0 (0): []
L1 (2): [47, 48]
L2 (2): [43, 44]
L3 (8): [29, 30, 31, 32, 15, 16, 17, 18]
--- Compaction Task ---
compaction triggered at level 1 and 2 with size ratio 1
Upper L1 [49, 50] Lower L2 [45, 46] -> [51, 52, 53, 54]
--- After Compaction ---
L0 (0): []
L1 (0): []
L2 (4): [49, 50, 45, 46]
L3 (8): [29, 30, 31, 32, 15, 16, 17, 18]
--- Compaction Task ---
2 compaction triggered in this iteration
--- Statistics ---
Write Amplification: 54/12=4.500x
Maximum Space Usage: 16/12=1.333x
Read Amplification: 2x

=== Iteration 12 ===
--- After Flush ---
L0 (1): [55]
L1 (0): []
L2 (4): [49, 50, 45, 46]
L3 (8): [29, 30, 31, 32, 15, 16, 17, 18]
--- Compaction Task ---
no compaction triggered
--- Statistics ---
Write Amplification: 55/13=4.231x
Maximum Space Usage: 16/13=1.231x
Read Amplification: 3x

=== Iteration 13 ===
--- After Flush ---
L0 (2): [55, 56]
L1 (0): []
L2 (4): [49, 50, 45, 46]
L3 (8): [29, 30, 31, 32, 15, 16, 17, 18]
--- Compaction Task ---
compaction triggered at level 0 and 1 with size ratio 0
Upper L0 [55, 56] Lower L1 [] -> [57, 58]
--- After Compaction ---
L0 (0): []
L1 (2): [55, 56]
L2 (4): [49, 50, 45, 46]
L3 (8): [29, 30, 31, 32, 15, 16, 17, 18]
--- Compaction Task ---
1 compaction triggered in this iteration
--- Statistics ---
Write Amplification: 58/14=4.143x
Maximum Space Usage: 16/14=1.143x
Read Amplification: 3x

=== Iteration 14 ===
--- After Flush ---
L0 (1): [59]
L1 (2): [55, 56]
L2 (4): [49, 50, 45, 46]
L3 (8): [29, 30, 31, 32, 15, 16, 17, 18]
--- Compaction Task ---
no compaction triggered
--- Statistics ---
Write Amplification: 59/15=3.933x
Maximum Space Usage: 16/15=1.067x
Read Amplification: 4x

=== Iteration 15 ===
--- After Flush ---
L0 (2): [59, 60]
L1 (2): [55, 56]
L2 (4): [49, 50, 45, 46]
L3 (8): [29, 30, 31, 32, 15, 16, 17, 18]
--- Compaction Task ---
compaction triggered at level 0 and 1 with size ratio 1
Upper L0 [59, 60] Lower L1 [57, 58] -> [61, 62, 63, 64]
--- After Compaction ---
L0 (0): []
L1 (4): [59, 60, 57, 58]
L2 (4): [49, 50, 45, 46]
L3 (8): [29, 30, 31, 32, 15, 16, 17, 18]
--- Compaction Task ---
compaction triggered at level 1 and 2 with size ratio 1
Upper L1 [61, 62, 63, 64] Lower L2 [51, 52, 53, 54] -> [65, 66, 67, 68, 69, 70, 71, 72]
--- After Compaction ---
L0 (0): []
L1 (0): []
L2 (8): [61, 62, 63, 64, 51, 52, 53, 54]
L3 (8): [29, 30, 31, 32, 15, 16, 17, 18]
--- Compaction Task ---
compaction triggered at level 2 and 3 with size ratio 1
Upper L2 [65, 66, 67, 68, 69, 70, 71, 72] Lower L3 [33, 34, 35, 36, 37, 38, 39, 40] -> [73, 74, 75, 76, 77, 78, 79, 80, 81, 82, 83, 84, 85, 86, 87, 88]
--- After Compaction ---
L0 (0): []
L1 (0): []
L2 (0): []
L3 (16): [65, 66, 67, 68, 69, 70, 71, 72, 33, 34, 35, 36, 37, 38, 39, 40]
--- Compaction Task ---
3 compaction triggered in this iteration
--- Statistics ---
Write Amplification: 88/16=5.500x
Maximum Space Usage: 32/16=2.000x
Read Amplification: 1x

=== Iteration 16 ===
--- After Flush ---
L0 (1): [89]
L1 (0): []
L2 (0): []
L3 (16): [65, 66, 67, 68, 69, 70, 71, 72, 33, 34, 35, 36, 37, 38, 39, 40]
--- Compaction Task ---
no compaction triggered
--- Statistics ---
Write Amplification: 89/17=5.235x
Maximum Space Usage: 32/17=1.882x
Read Amplification: 2x

=== Iteration 17 ===
--- After Flush ---
L0 (2): [89, 90]
L1 (0): []
L2 (0): []
L3 (16): [65, 66, 67, 68, 69, 70, 71, 72, 33, 34, 35, 36, 37, 38, 39, 40]
--- Compaction Task ---
compaction triggered at level 0 and 1 with size ratio 0
Upper L0 [89, 90] Lower L1 [] -> [91, 92]
--- After Compaction ---
L0 (0): []
L1 (2): [89, 90]
L2 (0): []
L3 (16): [65, 66, 67, 68, 69, 70, 71, 72, 33, 34, 35, 36, 37, 38, 39, 40]
--- Compaction Task ---
compaction triggered at level 1 and 2 with size ratio 0
Upper L1 [91, 92] Lower L2 [] -> [93, 94]
--- After Compaction ---
L0 (0): []
L1 (0): []
L2 (2): [91, 92]
L3 (16): [65, 66, 67, 68, 69, 70, 71, 72, 33, 34, 35, 36, 37, 38, 39, 40]
--- Compaction Task ---
2 compaction triggered in this iteration
--- Statistics ---
Write Amplification: 94/18=5.222x
Maximum Space Usage: 32/18=1.778x
Read Amplification: 2x

=== Iteration 18 ===
--- After Flush ---
L0 (1): [95]
L1 (0): []
L2 (2): [91, 92]
L3 (16): [65, 66, 67, 68, 69, 70, 71, 72, 33, 34, 35, 36, 37, 38, 39, 40]
--- Compaction Task ---
no compaction triggered
--- Statistics ---
Write Amplification: 95/19=5.000x
Maximum Space Usage: 32/19=1.684x
Read Amplification: 3x

=== Iteration 19 ===
--- After Flush ---
L0 (2): [95, 96]
L1 (0): []
L2 (2): [91, 92]
L3 (16): [65, 66, 67, 68, 69, 70, 71, 72, 33, 34, 35, 36, 37, 38, 39, 40]
--- Compaction Task ---
compaction triggered at level 0 and 1 with size ratio 0
Upper L0 [95, 96] Lower L1 [] -> [97, 98]
--- After Compaction ---
L0 (0): []
L1 (2): [95, 96]
L2 (2): [91, 92]
L3 (16): [65, 66, 67, 68, 69, 70, 71, 72, 33, 34, 35, 36, 37, 38, 39, 40]
--- Compaction Task ---
compaction triggered at level 1 and 2 with size ratio 1
Upper L1 [97, 98] Lower L2 [93, 94] -> [99, 100, 101, 102]
--- After Compaction ---
L0 (0): []
L1 (0): []
L2 (4): [97, 98, 93, 94]
L3 (16): [65, 66, 67, 68, 69, 70, 71, 72, 33, 34, 35, 36, 37, 38, 39, 40]
--- Compaction Task ---
2 compaction triggered in this iteration
--- Statistics ---
Write Amplification: 102/20=5.100x
Maximum Space Usage: 32/20=1.600x
Read Amplification: 2x

=== Iteration 20 ===
--- After Flush ---
L0 (1): [103]
L1 (0): []
L2 (4): [97, 98, 93, 94]
L3 (16): [65, 66, 67, 68, 69, 70, 71, 72, 33, 34, 35, 36, 37, 38, 39, 40]
--- Compaction Task ---
no compaction triggered
--- Statistics ---
Write Amplification: 103/21=4.905x
Maximum Space Usage: 32/21=1.524x
Read Amplification: 3x

=== Iteration 21 ===
--- After Flush ---
L0 (2): [103, 104]
L1 (0): []
L2 (4): [97, 98, 93, 94]
L3 (16): [65, 66, 67, 68, 69, 70, 71, 72, 33, 34, 35, 36, 37, 38, 39, 40]
--- Compaction Task ---
compaction triggered at level 0 and 1 with size ratio 0
Upper L0 [103, 104] Lower L1 [] -> [105, 106]
--- After Compaction ---
L0 (0): []
L1 (2): [103, 104]
L2 (4): [97, 98, 93, 94]
L3 (16): [65, 66, 67, 68, 69, 70, 71, 72, 33, 34, 35, 36, 37, 38, 39, 40]
--- Compaction Task ---
1 compaction triggered in this iteration
--- Statistics ---
Write Amplification: 106/22=4.818x
Maximum Space Usage: 32/22=1.455x
Read Amplification: 3x

=== Iteration 22 ===
--- After Flush ---
L0 (1): [107]
L1 (2): [103, 104]
L2 (4): [97, 98, 93, 94]
L3 (16): [65, 66, 67, 68, 69, 70, 71, 72, 33, 34, 35, 36, 37, 38, 39, 40]
--- Compaction Task ---
no compaction triggered
--- Statistics ---
Write Amplification: 107/23=4.652x
Maximum Space Usage: 32/23=1.391x
Read Amplification: 4x

=== Iteration 23 ===
--- After Flush ---
L0 (2): [107, 108]
L1 (2): [103, 104]
L2 (4): [97, 98, 93, 94]
L3 (16): [65, 66, 67, 68, 69, 70, 71, 72, 33, 34, 35, 36, 37, 38, 39, 40]
--- Compaction Task ---
compaction triggered at level 0 and 1 with size ratio 1
Upper L0 [107, 108] Lower L1 [105, 106] -> [109, 110, 111, 112]
--- After Compaction ---
L0 (0): []
L1 (4): [107, 108, 105, 106]
L2 (4): [97, 98, 93, 94]
L3 (16): [65, 66, 67, 68, 69, 70, 71, 72, 33, 34, 35, 36, 37, 38, 39, 40]
--- Compaction Task ---
compaction triggered at level 1 and 2 with size ratio 1
Upper L1 [109, 110, 111, 112] Lower L2 [99, 100, 101, 102] -> [113, 114, 115, 116, 117, 118, 119, 120]
--- After Compaction ---
L0 (0): []
L1 (0): []
L2 (8): [109, 110, 111, 112, 99, 100, 101, 102]
L3 (16): [65, 66, 67, 68, 69, 70, 71, 72, 33, 34, 35, 36, 37, 38, 39, 40]
--- Compaction Task ---
2 compaction triggered in this iteration
--- Statistics ---
Write Amplification: 120/24=5.000x
Maximum Space Usage: 32/24=1.333x
Read Amplification: 2x

=== Iteration 24 ===
--- After Flush ---
L0 (1): [121]
L1 (0): []
L2 (8): [109, 110, 111, 112, 99, 100, 101, 102]
L3 (16): [65, 66, 67, 68, 69, 70, 71, 72, 33, 34, 35, 36, 37, 38, 39, 40]
--- Compaction Task ---
no compaction triggered
--- Statistics ---
Write Amplification: 121/25=4.840x
Maximum Space Usage: 32/25=1.280x
Read Amplification: 3x

=== Iteration 25 ===
--- After Flush ---
L0 (2): [121, 122]
L1 (0): []
L2 (8): [109, 110, 111, 112, 99, 100, 101, 102]
L3 (16): [65, 66, 67, 68, 69, 70, 71, 72, 33, 34, 35, 36, 37, 38, 39, 40]
--- Compaction Task ---
compaction triggered at level 0 and 1 with size ratio 0
Upper L0 [121, 122] Lower L1 [] -> [123, 124]
--- After Compaction ---
L0 (0): []
L1 (2): [121, 122]
L2 (8): [109, 110, 111, 112, 99, 100, 101, 102]
L3 (16): [65, 66, 67, 68, 69, 70, 71, 72, 33, 34, 35, 36, 37, 38, 39, 40]
--- Compaction Task ---
1 compaction triggered in this iteration
--- Statistics ---
Write Amplification: 124/26=4.769x
Maximum Space Usage: 32/26=1.231x
Read Amplification: 3x

=== Iteration 26 ===
--- After Flush ---
L0 (1): [125]
L1 (2): [121, 122]
L2 (8): [109, 110, 111, 112, 99, 100, 101, 102]
L3 (16): [65, 66, 67, 68, 69, 70, 71, 72, 33, 34, 35, 36, 37, 38, 39, 40]
--- Compaction Task ---
no compaction triggered
--- Statistics ---
Write Amplification: 125/27=4.630x
Maximum Space Usage: 32/27=1.185x
Read Amplification: 4x

=== Iteration 27 ===
--- After Flush ---
L0 (2): [125, 126]
L1 (2): [121, 122]
L2 (8): [109, 110, 111, 112, 99, 100, 101, 102]
L3 (16): [65, 66, 67, 68, 69, 70, 71, 72, 33, 34, 35, 36, 37, 38, 39, 40]
--- Compaction Task ---
compaction triggered at level 0 and 1 with size ratio 1
Upper L0 [125, 126] Lower L1 [123, 124] -> [127, 128, 129, 130]
--- After Compaction ---
L0 (0): []
L1 (4): [125, 126, 123, 124]
L2 (8): [109, 110, 111, 112, 99, 100, 101, 102]
L3 (16): [65, 66, 67, 68, 69, 70, 71, 72, 33, 34, 35, 36, 37, 38, 39, 40]
--- Compaction Task ---
1 compaction triggered in this iteration
--- Statistics ---
Write Amplification: 130/28=4.643x
Maximum Space Usage: 32/28=1.143x
Read Amplification: 3x

=== Iteration 28 ===
--- After Flush ---
L0 (1): [131]
L1 (4): [125, 126, 123, 124]
L2 (8): [109, 110, 111, 112, 99, 100, 101, 102]
L3 (16): [65, 66, 67, 68, 69, 70, 71, 72, 33, 34, 35, 36, 37, 38, 39, 40]
--- Compaction Task ---
no compaction triggered
--- Statistics ---
Write Amplification: 131/29=4.517x
Maximum Space Usage: 32/29=1.103x
Read Amplification: 4x

=== Iteration 29 ===
--- After Flush ---
L0 (2): [131, 132]
L1 (4): [125, 126, 123, 124]
L2 (8): [109, 110, 111, 112, 99, 100, 101, 102]
L3 (16): [65, 66, 67, 68, 69, 70, 71, 72, 33, 34, 35, 36, 37, 38, 39, 40]
--- Compaction Task ---
no compaction triggered
--- Statistics ---
Write Amplification: 132/30=4.400x
Maximum Space Usage: 32/30=1.067x
Read Amplification: 5x

=== Iteration 30 ===
--- After Flush ---
L0 (3): [131, 132, 133]
L1 (4): [125, 126, 123, 124]
L2 (8): [109, 110, 111, 112, 99, 100, 101, 102]
L3 (16): [65, 66, 67, 68, 69, 70, 71, 72, 33, 34, 35, 36, 37, 38, 39, 40]
--- Compaction Task ---
compaction triggered at level 0 and 1 with size ratio 1
Upper L0 [131, 132, 133] Lower L1 [127, 128, 129, 130] -> [134, 135, 136, 137, 138, 139, 140]
--- After Compaction ---
L0 (0): []
L1 (7): [131, 132, 133, 127, 128, 129, 130]
L2 (8): [109, 110, 111, 112, 99, 100, 101, 102]
L3 (16): [65, 66, 67, 68, 69, 70, 71, 72, 33, 34, 35, 36, 37, 38, 39, 40]
--- Compaction Task ---
compaction triggered at level 1 and 2 with size ratio 0
Upper L1 [134, 135, 136, 137, 138, 139, 140] Lower L2 [113, 114, 115, 116, 117, 118, 119, 120] -> [141, 142, 143, 144, 145, 146, 147, 148, 149, 150, 151, 152, 153, 154, 155]
--- After Compaction ---
L0 (0): []
L1 (0): []
L2 (15): [134, 135, 136, 137, 138, 139, 140, 113, 114, 115, 116, 117, 118, 119, 120]
L3 (16): [65, 66, 67, 68, 69, 70, 71, 72, 33, 34, 35, 36, 37, 38, 39, 40]
--- Compaction Task ---
compaction triggered at level 2 and 3 with size ratio 0
Upper L2 [141, 142, 143, 144, 145, 146, 147, 148, 149, 150, 151, 152, 153, 154, 155] Lower L3 [73, 74, 75, 76, 77, 78, 79, 80, 81, 82, 83, 84, 85, 86, 87, 88] -> [156, 157, 158, 159, 160, 161, 162, 163, 164, 165, 166, 167, 168, 169, 170, 171, 172, 173, 174, 175, 176, 177, 178, 179, 180, 181, 182, 183, 184, 185, 186]
--- After Compaction ---
L0 (0): []
L1 (0): []
L2 (0): []
L3 (31): [141, 142, 143, 144, 145, 146, 147, 148, 149, 150, 151, 152, 153, 154, 155, 73, 74, 75, 76, 77, 78, 79, 80, 81, 82, 83, 84, 85, 86, 87, 88]
--- Compaction Task ---
3 compaction triggered in this iteration
--- Statistics ---
Write Amplification: 186/31=6.000x
Maximum Space Usage: 62/31=2.000x
Read Amplification: 1x

=== Iteration 31 ===
--- After Flush ---
L0 (1): [187]
L1 (0): []
L2 (0): []
L3 (31): [141, 142, 143, 144, 145, 146, 147, 148, 149, 150, 151, 152, 153, 154, 155, 73, 74, 75, 76, 77, 78, 79, 80, 81, 82, 83, 84, 85, 86, 87, 88]
--- Compaction Task ---
no compaction triggered
--- Statistics ---
Write Amplification: 187/32=5.844x
Maximum Space Usage: 62/32=1.938x
Read Amplification: 2x

=== Iteration 32 ===
--- After Flush ---
L0 (2): [187, 188]
L1 (0): []
L2 (0): []
L3 (31): [141, 142, 143, 144, 145, 146, 147, 148, 149, 150, 151, 152, 153, 154, 155, 73, 74, 75, 76, 77, 78, 79, 80, 81, 82, 83, 84, 85, 86, 87, 88]
--- Compaction Task ---
compaction triggered at level 0 and 1 with size ratio 0
Upper L0 [187, 188] Lower L1 [] -> [189, 190]
--- After Compaction ---
L0 (0): []
L1 (2): [187, 188]
L2 (0): []
L3 (31): [141, 142, 143, 144, 145, 146, 147, 148, 149, 150, 151, 152, 153, 154, 155, 73, 74, 75, 76, 77, 78, 79, 80, 81, 82, 83, 84, 85, 86, 87, 88]
--- Compaction Task ---
compaction triggered at level 1 and 2 with size ratio 0
Upper L1 [189, 190] Lower L2 [] -> [191, 192]
--- After Compaction ---
L0 (0): []
L1 (0): []
L2 (2): [189, 190]
L3 (31): [141, 142, 143, 144, 145, 146, 147, 148, 149, 150, 151, 152, 153, 154, 155, 73, 74, 75, 76, 77, 78, 79, 80, 81, 82, 83, 84, 85, 86, 87, 88]
--- Compaction Task ---
2 compaction triggered in this iteration
--- Statistics ---
Write Amplification: 192/33=5.818x
Maximum Space Usage: 62/33=1.879x
Read Amplification: 2x

=== Iteration 33 ===
--- After Flush ---
L0 (1): [193]
L1 (0): []
L2 (2): [189, 190]
L3 (31): [141, 142, 143, 144, 145, 146, 147, 148, 149, 150, 151, 152, 153, 154, 155, 73, 74, 75, 76, 77, 78, 79, 80, 81, 82, 83, 84, 85, 86, 87, 88]
--- Compaction Task ---
no compaction triggered
--- Statistics ---
Write Amplification: 193/34=5.676x
Maximum Space Usage: 62/34=1.824x
Read Amplification: 3x

=== Iteration 34 ===
--- After Flush ---
L0 (2): [193, 194]
L1 (0): []
L2 (2): [189, 190]
L3 (31): [141, 142, 143, 144, 145, 146, 147, 148, 149, 150, 151, 152, 153, 154, 155, 73, 74, 75, 76, 77, 78, 79, 80, 81, 82, 83, 84, 85, 86, 87, 88]
--- Compaction Task ---
compaction triggered at level 0 and 1 with size ratio 0
Upper L0 [193, 194] Lower L1 [] -> [195, 196]
--- After Compaction ---
L0 (0): []
L1 (2): [193, 194]
L2 (2): [189, 190]
L3 (31): [141, 142, 143, 144, 145, 146, 147, 148, 149, 150, 151, 152, 153, 154, 155, 73, 74, 75, 76, 77, 78, 79, 80, 81, 82, 83, 84, 85, 86, 87, 88]
--- Compaction Task ---
compaction triggered at level 1 and 2 with size ratio 1
Upper L1 [195, 196] Lower L2 [191, 192] -> [197, 198, 199, 200]
--- After Compaction ---
L0 (0): []
L1 (0): []
L2 (4): [195, 196, 191, 192]
L3 (31): [141, 142, 143, 144, 145, 146, 147, 148, 149, 150, 151, 152, 153, 154, 155, 73, 74, 75, 76, 77, 78, 79, 80, 81, 82, 83, 84, 85, 86, 87, 88]
--- Compaction Task ---
2 compaction triggered in this iteration
--- Statistics ---
Write Amplification: 200/35=5.714x
Maximum Space Usage: 62/35=1.771x
Read Amplification: 2x

=== Iteration 35 ===
--- After Flush ---
L0 (1): [201]
L1 (0): []
L2 (4): [195, 196, 191, 192]
L3 (31): [141, 142, 143, 144, 145, 146, 147, 148, 149, 150, 151, 152, 153, 154, 155, 73, 74, 75, 76, 77, 78, 79, 80, 81, 82, 83, 84, 85, 86, 87, 88]
--- Compaction Task ---
no compaction triggered
--- Statistics ---
Write Amplification: 201/36=5.583x
Maximum Space Usage: 62/36=1.722x
Read Amplification: 3x

=== Iteration 36 ===
--- After Flush ---
L0 (2): [201, 202]
L1 (0): []
L2 (4): [195, 196, 191, 192]
L3 (31): [141, 142, 143, 144, 145, 146, 147, 148, 149, 150, 151, 152, 153, 154, 155, 73, 74, 75, 76, 77, 78, 79, 80, 81, 82, 83, 84, 85, 86, 87, 88]
--- Compaction Task ---
compaction triggered at level 0 and 1 with size ratio 0
Upper L0 [201, 202] Lower L1 [] -> [203, 204]
--- After Compaction ---
L0 (0): []
L1 (2): [201, 202]
L2 (4): [195, 196, 191, 192]
L3 (31): [141, 142, 143, 144, 145, 146, 147, 148, 149, 150, 151, 152, 153, 154, 155, 73, 74, 75, 76, 77, 78, 79, 80, 81, 82, 83, 84, 85, 86, 87, 88]
--- Compaction Task ---
1 compaction triggered in this iteration
--- Statistics ---
Write Amplification: 204/37=5.514x
Maximum Space Usage: 62/37=1.676x
Read Amplification: 3x

=== Iteration 37 ===
--- After Flush ---
L0 (1): [205]
L1 (2): [201, 202]
L2 (4): [195, 196, 191, 192]
L3 (31): [141, 142, 143, 144, 145, 146, 147, 148, 149, 150, 151, 152, 153, 154, 155, 73, 74, 75, 76, 77, 78, 79, 80, 81, 82, 83, 84, 85, 86, 87, 88]
--- Compaction Task ---
no compaction triggered
--- Statistics ---
Write Amplification: 205/38=5.395x
Maximum Space Usage: 62/38=1.632x
Read Amplification: 4x

=== Iteration 38 ===
--- After Flush ---
L0 (2): [205, 206]
L1 (2): [201, 202]
L2 (4): [195, 196, 191, 192]
L3 (31): [141, 142, 143, 144, 145, 146, 147, 148, 149, 150, 151, 152, 153, 154, 155, 73, 74, 75, 76, 77, 78, 79, 80, 81, 82, 83, 84, 85, 86, 87, 88]
--- Compaction Task ---
compaction triggered at level 0 and 1 with size ratio 1
Upper L0 [205, 206] Lower L1 [203, 204] -> [207, 208, 209, 210]
--- After Compaction ---
L0 (0): []
L1 (4): [205, 206, 203, 204]
L2 (4): [195, 196, 191, 192]
L3 (31): [141, 142, 143, 144, 145, 146, 147, 148, 149, 150, 151, 152, 153, 154, 155, 73, 74, 75, 76, 77, 78, 79, 80, 81, 82, 83, 84, 85, 86, 87, 88]
--- Compaction Task ---
compaction triggered at level 1 and 2 with size ratio 1
Upper L1 [207, 208, 209, 210] Lower L2 [197, 198, 199, 200] -> [211, 212, 213, 214, 215, 216, 217, 218]
--- After Compaction ---
L0 (0): []
L1 (0): []
L2 (8): [207, 208, 209, 210, 197, 198, 199, 200]
L3 (31): [141, 142, 143, 144, 145, 146, 147, 148, 149, 150, 151, 152, 153, 154, 155, 73, 74, 75, 76, 77, 78, 79, 80, 81, 82, 83, 84, 85, 86, 87, 88]
--- Compaction Task ---
2 compaction triggered in this iteration
--- Statistics ---
Write Amplification: 218/39=5.590x
Maximum Space Usage: 62/39=1.590x
Read Amplification: 2x

=== Iteration 39 ===
--- After Flush ---
L0 (1): [219]
L1 (0): []
L2 (8): [207, 208, 209, 210, 197, 198, 199, 200]
L3 (31): [141, 142, 143, 144, 145, 146, 147, 148, 149, 150, 151, 152, 153, 154, 155, 73, 74, 75, 76, 77, 78, 79, 80, 81, 82, 83, 84, 85, 86, 87, 88]
--- Compaction Task ---
no compaction triggered
--- Statistics ---
Write Amplification: 219/40=5.475x
Maximum Space Usage: 62/40=1.550x
Read Amplification: 3x

=== Iteration 40 ===
--- After Flush ---
L0 (2): [219, 220]
L1 (0): []
L2 (8): [207, 208, 209, 210, 197, 198, 199, 200]
L3 (31): [141, 142, 143, 144, 145, 146, 147, 148, 149, 150, 151, 152, 153, 154, 155, 73, 74, 75, 76, 77, 78, 79, 80, 81, 82, 83, 84, 85, 86, 87, 88]
--- Compaction Task ---
compaction triggered at level 0 and 1 with size ratio 0
Upper L0 [219, 220] Lower L1 [] -> [221, 222]
--- After Compaction ---
L0 (0): []
L1 (2): [219, 220]
L2 (8): [207, 208, 209, 210, 197, 198, 199, 200]
L3 (31): [141, 142, 143, 144, 145, 146, 147, 148, 149, 150, 151, 152, 153, 154, 155, 73, 74, 75, 76, 77, 78, 79, 80, 81, 82, 83, 84, 85, 86, 87, 88]
--- Compaction Task ---
1 compaction triggered in this iteration
--- Statistics ---
Write Amplification: 222/41=5.415x
Maximum Space Usage: 62/41=1.512x
Read Amplification: 3x

=== Iteration 41 ===
--- After Flush ---
L0 (1): [223]
L1 (2): [219, 220]
L2 (8): [207, 208, 209, 210, 197, 198, 199, 200]
L3 (31): [141, 142, 143, 144, 145, 146, 147, 148, 149, 150, 151, 152, 153, 154, 155, 73, 74, 75, 76, 77, 78, 79, 80, 81, 82, 83, 84, 85, 86, 87, 88]
--- Compaction Task ---
no compaction triggered
--- Statistics ---
Write Amplification: 223/42=5.310x
Maximum Space Usage: 62/42=1.476x
Read Amplification: 4x

=== Iteration 42 ===
--- After Flush ---
L0 (2): [223, 224]
L1 (2): [219, 220]
L2 (8): [207, 208, 209, 210, 197, 198, 199, 200]
L3 (31): [141, 142, 143, 144, 145, 146, 147, 148, 149, 150, 151, 152, 153, 154, 155, 73, 74, 75, 76, 77, 78, 79, 80, 81, 82, 83, 84, 85, 86, 87, 88]
--- Compaction Task ---
compaction triggered at level 0 and 1 with size ratio 1
Upper L0 [223, 224] Lower L1 [221, 222] -> [225, 226, 227, 228]
--- After Compaction ---
L0 (0): []
L1 (4): [223, 224, 221, 222]
L2 (8): [207, 208, 209, 210, 197, 198, 199, 200]
L3 (31): [141, 142, 143, 144, 145, 146, 147, 148, 149, 150, 151, 152, 153, 154, 155, 73, 74, 75, 76, 77, 78, 79, 80, 81, 82, 83, 84, 85, 86, 87, 88]
--- Compaction Task ---
1 compaction triggered in this iteration
--- Statistics ---
Write Amplification: 228/43=5.302x
Maximum Space Usage: 62/43=1.442x
Read Amplification: 3x

=== Iteration 43 ===
--- After Flush ---
L0 (1): [229]
L1 (4): [223, 224, 221, 222]
L2 (8): [207, 208, 209, 210, 197, 198, 199, 200]
L3 (31): [141, 142, 143, 144, 145, 146, 147, 148, 149, 150, 151, 152, 153, 154, 155, 73, 74, 75, 76, 77, 78, 79, 80, 81, 82, 83, 84, 85, 86, 87, 88]
--- Compaction Task ---
no compaction triggered
--- Statistics ---
Write Amplification: 229/44=5.205x
Maximum Space Usage: 62/44=1.409x
Read Amplification: 4x

=== Iteration 44 ===
--- After Flush ---
L0 (2): [229, 230]
L1 (4): [223, 224, 221, 222]
L2 (8): [207, 208, 209, 210, 197, 198, 199, 200]
L3 (31): [141, 142, 143, 144, 145, 146, 147, 148, 149, 150, 151, 152, 153, 154, 155, 73, 74, 75, 76, 77, 78, 79, 80, 81, 82, 83, 84, 85, 86, 87, 88]
--- Compaction Task ---
no compaction triggered
--- Statistics ---
Write Amplification: 230/45=5.111x
Maximum Space Usage: 62/45=1.378x
Read Amplification: 5x

=== Iteration 45 ===
--- After Flush ---
L0 (3): [229, 230, 231]
L1 (4): [223, 224, 221, 222]
L2 (8): [207, 208, 209, 210, 197, 198, 199, 200]
L3 (31): [141, 142, 143, 144, 145, 146, 147, 148, 149, 150, 151, 152, 153, 154, 155, 73, 74, 75, 76, 77, 78, 79, 80, 81, 82, 83, 84, 85, 86, 87, 88]
--- Compaction Task ---
compaction triggered at level 0 and 1 with size ratio 1
Upper L0 [229, 230, 231] Lower L1 [225, 226, 227, 228] -> [232, 233, 234, 235, 236, 237, 238]
--- After Compaction ---
L0 (0): []
L1 (7): [229, 230, 231, 225, 226, 227, 228]
L2 (8): [207, 208, 209, 210, 197, 198, 199, 200]
L3 (31): [141, 142, 143, 144, 145, 146, 147, 148, 149, 150, 151, 152, 153, 154, 155, 73, 74, 75, 76, 77, 78, 79, 80, 81, 82, 83, 84, 85, 86, 87, 88]
--- Compaction Task ---
compaction triggered at level 1 and 2 with size ratio 0
Upper L1 [232, 233, 234, 235, 236, 237, 238] Lower L2 [211, 212, 213, 214, 215, 216, 217, 218] -> [239, 240, 241, 242, 243, 244, 245, 246, 247, 248, 249, 250, 251, 252, 253]
--- After Compaction ---
L0 (0): []
L1 (0): []
L2 (15): [232, 233, 234, 235, 236, 237, 238, 211, 212, 213, 214, 215, 216, 217, 218]
L3 (31): [141, 142, 143, 144, 145, 146, 147, 148, 149, 150, 151, 152, 153, 154, 155, 73, 74, 75, 76, 77, 78, 79, 80, 81, 82, 83, 84, 85, 86, 87, 88]
--- Compaction Task ---
2 compaction triggered in this iteration
--- Statistics ---
Write Amplification: 253/46=5.500x
Maximum Space Usage: 62/46=1.348x
Read Amplification: 2x

=== Iteration 46 ===
--- After Flush ---
L0 (1): [254]
L1 (0): []
L2 (15): [232, 233, 234, 235, 236, 237, 238, 211, 212, 213, 214, 215, 216, 217, 218]
L3 (31): [141, 142, 143, 144, 145, 146, 147, 148, 149, 150, 151, 152, 153, 154, 155, 73, 74, 75, 76, 77, 78, 79, 80, 81, 82, 83, 84, 85, 86, 87, 88]
--- Compaction Task ---
no compaction triggered
--- Statistics ---
Write Amplification: 254/47=5.404x
Maximum Space Usage: 62/47=1.319x
Read Amplification: 3x

=== Iteration 47 ===
--- After Flush ---
L0 (2): [254, 255]
L1 (0): []
L2 (15): [232, 233, 234, 235, 236, 237, 238, 211, 212, 213, 214, 215, 216, 217, 218]
L3 (31): [141, 142, 143, 144, 145, 146, 147, 148, 149, 150, 151, 152, 153, 154, 155, 73, 74, 75, 76, 77, 78, 79, 80, 81, 82, 83, 84, 85, 86, 87, 88]
--- Compaction Task ---
compaction triggered at level 0 and 1 with size ratio 0
Upper L0 [254, 255] Lower L1 [] -> [256, 257]
--- After Compaction ---
L0 (0): []
L1 (2): [254, 255]
L2 (15): [232, 233, 234, 235, 236, 237, 238, 211, 212, 213, 214, 215, 216, 217, 218]
L3 (31): [141, 142, 143, 144, 145, 146, 147, 148, 149, 150, 151, 152, 153, 154, 155, 73, 74, 75, 76, 77, 78, 79, 80, 81, 82, 83, 84, 85, 86, 87, 88]
--- Compaction Task ---
1 compaction triggered in this iteration
--- Statistics ---
Write Amplification: 257/48=5.354x
Maximum Space Usage: 62/48=1.292x
Read Amplification: 3x

=== Iteration 48 ===
--- After Flush ---
L0 (1): [258]
L1 (2): [254, 255]
L2 (15): [232, 233, 234, 235, 236, 237, 238, 211, 212, 213, 214, 215, 216, 217, 218]
L3 (31): [141, 142, 143, 144, 145, 146, 147, 148, 149, 150, 151, 152, 153, 154, 155, 73, 74, 75, 76, 77, 78, 79, 80, 81, 82, 83, 84, 85, 86, 87, 88]
--- Compaction Task ---
no compaction triggered
--- Statistics ---
Write Amplification: 258/49=5.265x
Maximum Space Usage: 62/49=1.265x
Read Amplification: 4x

=== Iteration 49 ===
--- After Flush ---
L0 (2): [258, 259]
L1 (2): [254, 255]
L2 (15): [232, 233, 234, 235, 236, 237, 238, 211, 212, 213, 214, 215, 216, 217, 218]
L3 (31): [141, 142, 143, 144, 145, 146, 147, 148, 149, 150, 151, 152, 153, 154, 155, 73, 74, 75, 76, 77, 78, 79, 80, 81, 82, 83, 84, 85, 86, 87, 88]
--- Compaction Task ---
compaction triggered at level 0 and 1 with size ratio 1
Upper L0 [258, 259] Lower L1 [256, 257] -> [260, 261, 262, 263]
--- After Compaction ---
L0 (0): []
L1 (4): [258, 259, 256, 257]
L2 (15): [232, 233, 234, 235, 236, 237, 238, 211, 212, 213, 214, 215, 216, 217, 218]
L3 (31): [141, 142, 143, 144, 145, 146, 147, 148, 149, 150, 151, 152, 153, 154, 155, 73, 74, 75, 76, 77, 78, 79, 80, 81, 82, 83, 84, 85, 86, 87, 88]
--- Compaction Task ---
1 compaction triggered in this iteration
--- Statistics ---
Write Amplification: 263/50=5.260x
Maximum Space Usage: 62/50=1.240x
Read Amplification: 3x

